11:18:17 **** Rebuild of configuration Debug for project clase 10-3 ****
Info: Internal Builder is used for build
gcc -O0 -g3 -Wall -c -fmessage-length=0 -o "src\\ingresarDatos.o" "..\\src\\ingresarDatos.c" 
gcc -O0 -g3 -Wall -c -fmessage-length=0 -o "src\\producto.o" "..\\src\\producto.c" 
gcc -O0 -g3 -Wall -c -fmessage-length=0 -o "src\\otrasFunciones.o" "..\\src\\otrasFunciones.c" 
gcc -O0 -g3 -Wall -c -fmessage-length=0 -o "src\\clase 10-3.o" "..\\src\\clase 10-3.c" 
gcc -o "clase 10-3.exe" "src\\clase 10-3.o" "src\\ingresarDatos.o" "src\\otrasFunciones.o" "src\\producto.o" 
Info: Nothing to build for clase 10-3
11:31:53 **** Incremental Build of configuration Debug for project clase 10-3 ****
Info: Internal Builder is used for build
gcc -O0 -g3 -Wall -c -fmessage-length=0 -o "src\\otrasFunciones.o" "..\\src\\otrasFunciones.c" 
gcc -O0 -g3 -Wall -c -fmessage-length=0 -o "src\\clase 10-3.o" "..\\src\\clase 10-3.c" 
gcc -o "clase 10-3.exe" "src\\clase 10-3.o" "src\\ingresarDatos.o" "src\\otrasFunciones.o" "src\\producto.o" 
Info: Nothing to build for clase 10-3
11:45:43 **** Incremental Build of configuration Debug for project clase 10-3 ****
Info: Internal Builder is used for build
gcc -O0 -g3 -Wall -c -fmessage-length=0 -o "src\\clase 10-3.o" "..\\src\\clase 10-3.c" 
gcc -O0 -g3 -Wall -c -fmessage-length=0 -o "src\\etipoProducto.o" "..\\src\\etipoProducto.c" 
gcc -O0 -g3 -Wall -c -fmessage-length=0 -o "src\\otrasFunciones.o" "..\\src\\otrasFunciones.c" 
gcc -o "clase 10-3.exe" "src\\clase 10-3.o" "src\\etipoProducto.o" "src\\ingresarDatos.o" "src\\otrasFunciones.o" "src\\producto.o" 
11:46:10 **** Incremental Build of configuration Debug for project clase 10-3 ****
Info: Internal Builder is used for build
gcc -O0 -g3 -Wall -c -fmessage-length=0 -o "src\\etipoProducto.o" "..\\src\\etipoProducto.c" 
gcc -o "clase 10-3.exe" "src\\clase 10-3.o" "src\\etipoProducto.o" "src\\ingresarDatos.o" "src\\otrasFunciones.o" "src\\producto.o" 
Info: Nothing to build for clase 10-3
12:01:12 **** Incremental Build of configuration Debug for project clase 10-3 ****
Info: Internal Builder is used for build
gcc -O0 -g3 -Wall -c -fmessage-length=0 -o "src\\clase 10-3.o" "..\\src\\clase 10-3.c" 
gcc -O0 -g3 -Wall -c -fmessage-length=0 -o "src\\producto.o" "..\\src\\producto.c" 
gcc -o "clase 10-3.exe" "src\\clase 10-3.o" "src\\etipoProducto.o" "src\\ingresarDatos.o" "src\\otrasFunciones.o" "src\\producto.o" 
10:11:38 **** Incremental Build of configuration Debug for project clase 10-3 ****
Info: Internal Builder is used for build
gcc -O0 -g3 -Wall -c -fmessage-length=0 -o "src\\OtrasFunciones.o" "..\\src\\OtrasFunciones.c" 
gcc -O0 -g3 -Wall -c -fmessage-length=0 -o "src\\Producto.o" "..\\src\\Producto.c" 
..\src\Producto.c: In function 'verificacionTipo':
..\src\Producto.c:245:9: error: 'IPHONE' undeclared (first use in this function)
    case IPHONE:
         ^~~~~~
..\src\Producto.c:245:9: note: each undeclared identifier is reported only once for each function it appears in
..\src\Producto.c:249:9: error: 'MAC' undeclared (first use in this function)
    case MAC:
         ^~~
..\src\Producto.c:253:9: error: 'IPAD' undeclared (first use in this function)
    case IPAD:
         ^~~~
..\src\Producto.c:257:9: error: 'ACCESORIOS' undeclared (first use in this function)
    case ACCESORIOS:
         ^~~~~~~~~~
10:12:07 **** Incremental Build of configuration Debug for project clase 10-3 ****
Info: Internal Builder is used for build
gcc -O0 -g3 -Wall -c -fmessage-length=0 -o "src\\IngresarDatos.o" "..\\src\\IngresarDatos.c" 
gcc -O0 -g3 -Wall -c -fmessage-length=0 -o "src\\TipoProducto.o" "..\\src\\TipoProducto.c" 
gcc -O0 -g3 -Wall -c -fmessage-length=0 -o "src\\clase 10-3.o" "..\\src\\clase 10-3.c" 
..\src\clase 10-3.c: In function 'main':
..\src\clase 10-3.c:130:60: error: 'IPHONE' undeclared (first use in this function)
    calcularPromedioDeTipo(listaProducto, TAM, promedio[0], IPHONE, contador[0], cadena[0]);
                                                            ^~~~~~
..\src\clase 10-3.c:130:60: note: each undeclared identifier is reported only once for each function it appears in
..\src\clase 10-3.c:131:60: error: 'MAC' undeclared (first use in this function)
    calcularPromedioDeTipo(listaProducto, TAM, promedio[1], MAC, contador[1], cadena[0]);
                                                            ^~~
..\src\clase 10-3.c:132:60: error: 'IPAD' undeclared (first use in this function)
    calcularPromedioDeTipo(listaProducto, TAM, promedio[2], IPAD, contador[2], cadena[0]);
                                                            ^~~~
..\src\clase 10-3.c:133:60: error: 'ACCESORIOS' undeclared (first use in this function)
    calcularPromedioDeTipo(listaProducto, TAM, promedio[3], ACCESORIOS, contador[3], cadena[0]);
                                                            ^~~~~~~~~~
10:12:11 **** Incremental Build of configuration Debug for project clase 10-3 ****
Info: Internal Builder is used for build
gcc -O0 -g3 -Wall -c -fmessage-length=0 -o "src\\Producto.o" "..\\src\\Producto.c" 
..\src\Producto.c: In function 'verificacionTipo':
..\src\Producto.c:245:9: error: 'IPHONE' undeclared (first use in this function)
    case IPHONE:
         ^~~~~~
..\src\Producto.c:245:9: note: each undeclared identifier is reported only once for each function it appears in
..\src\Producto.c:249:9: error: 'MAC' undeclared (first use in this function)
    case MAC:
         ^~~
..\src\Producto.c:253:9: error: 'IPAD' undeclared (first use in this function)
    case IPAD:
         ^~~~
..\src\Producto.c:257:9: error: 'ACCESORIOS' undeclared (first use in this function)
    case ACCESORIOS:
         ^~~~~~~~~~
10:12:34 **** Incremental Build of configuration Debug for project clase 10-3 ****
Info: Internal Builder is used for build
gcc -O0 -g3 -Wall -c -fmessage-length=0 -o "src\\Producto.o" "..\\src\\Producto.c" 
gcc -O0 -g3 -Wall -c -fmessage-length=0 -o "src\\clase 10-3.o" "..\\src\\clase 10-3.c" 
..\src\clase 10-3.c: In function 'main':
..\src\clase 10-3.c:130:60: error: 'IPHONE' undeclared (first use in this function)
    calcularPromedioDeTipo(listaProducto, TAM, promedio[0], IPHONE, contador[0], cadena[0]);
                                                            ^~~~~~
..\src\clase 10-3.c:130:60: note: each undeclared identifier is reported only once for each function it appears in
..\src\clase 10-3.c:131:60: error: 'MAC' undeclared (first use in this function)
    calcularPromedioDeTipo(listaProducto, TAM, promedio[1], MAC, contador[1], cadena[0]);
                                                            ^~~
..\src\clase 10-3.c:132:60: error: 'IPAD' undeclared (first use in this function)
    calcularPromedioDeTipo(listaProducto, TAM, promedio[2], IPAD, contador[2], cadena[0]);
                                                            ^~~~
..\src\clase 10-3.c:133:60: error: 'ACCESORIOS' undeclared (first use in this function)
    calcularPromedioDeTipo(listaProducto, TAM, promedio[3], ACCESORIOS, contador[3], cadena[0]);
                                                            ^~~~~~~~~~
10:12:53 **** Incremental Build of configuration Debug for project clase 10-3 ****
Info: Internal Builder is used for build
gcc -O0 -g3 -Wall -c -fmessage-length=0 -o "src\\clase 10-3.o" "..\\src\\clase 10-3.c" 
..\src\clase 10-3.c: In function 'main':
..\src\clase 10-3.c:137:100: error: 'IPHONE' undeclared (first use in this function)
    estado = mostrarProductosBaratosDeUnTipo(listaProducto, TAM, precioMenor, cadena[0], cadena[1], IPHONE);
                                                                                                    ^~~~~~
..\src\clase 10-3.c:137:100: note: each undeclared identifier is reported only once for each function it appears in
..\src\clase 10-3.c:146:99: error: 'MAC' undeclared (first use in this function)
    mostrarVariosProductosDeUnTipoConLaCondicionDePrecio(listaProducto, TAM, cadena[0], cadena[1], MAC, 700);
                                                                                                   ^~~
..\src\clase 10-3.c:150:98: error: 'ACCESORIOS' undeclared (first use in this function)
    estado = mostrarProductosCarosDeUnTipo(listaProducto, TAM, precioMayor, cadena[0], cadena[1], ACCESORIOS);
                                                                                                  ^~~~~~~~~~
10:13:26 **** Incremental Build of configuration Debug for project clase 10-3 ****
Info: Internal Builder is used for build
gcc -O0 -g3 -Wall -c -fmessage-length=0 -o "src\\clase 10-3.o" "..\\src\\clase 10-3.c" 
gcc -o "clase 10-3.exe" "src\\IngresarDatos.o" "src\\OtrasFunciones.o" "src\\Producto.o" "src\\TipoProducto.o" "src\\clase 10-3.o" 
Info: Nothing to build for clase 10-3
10:15:02 **** Incremental Build of configuration Debug for project clase 10-3 ****
Info: Internal Builder is used for build
gcc -O0 -g3 -Wall -c -fmessage-length=0 -o "src\\clase 10-3.o" "..\\src\\clase 10-3.c" 
..\src\clase 10-3.c: In function 'main':
..\src\clase 10-3.c:69:16: warning: unused variable 'listaTipo' [-Wunused-variable]
  eTipoProducto listaTipo[TAM];
                ^~~~~~~~~
gcc -o "clase 10-3.exe" "src\\IngresarDatos.o" "src\\OtrasFunciones.o" "src\\Producto.o" "src\\TipoProducto.o" "src\\clase 10-3.o" 
10:16:46 **** Incremental Build of configuration Debug for project clase 10-3 ****
Info: Internal Builder is used for build
gcc -O0 -g3 -Wall -c -fmessage-length=0 -o "src\\clase 10-3.o" "..\\src\\clase 10-3.c" 
..\src\clase 10-3.c: In function 'main':
..\src\clase 10-3.c:70:16: warning: unused variable 'listaTipo' [-Wunused-variable]
  eTipoProducto listaTipo[TAM_TIPO]={ {},{},{},{} };
                ^~~~~~~~~
gcc -o "clase 10-3.exe" "src\\IngresarDatos.o" "src\\OtrasFunciones.o" "src\\Producto.o" "src\\TipoProducto.o" "src\\clase 10-3.o" 
10:18:21 **** Incremental Build of configuration Debug for project clase 10-3 ****
Info: Internal Builder is used for build
gcc -O0 -g3 -Wall -c -fmessage-length=0 -o "src\\clase 10-3.o" "..\\src\\clase 10-3.c" 
..\src\clase 10-3.c: In function 'main':
..\src\clase 10-3.c:70:16: warning: unused variable 'listaTipo' [-Wunused-variable]
  eTipoProducto listaTipo[TAM_TIPO]={ {1000, "Iphone"},
                ^~~~~~~~~
gcc -o "clase 10-3.exe" "src\\IngresarDatos.o" "src\\OtrasFunciones.o" "src\\Producto.o" "src\\TipoProducto.o" "src\\clase 10-3.o" 
10:21:48 **** Incremental Build of configuration Debug for project clase 10-3 ****
Info: Internal Builder is used for build
gcc -O0 -g3 -Wall -c -fmessage-length=0 -o "src\\clase 10-3.o" "..\\src\\clase 10-3.c" 
..\src\clase 10-3.c: In function 'main':
..\src\clase 10-3.c:113:4: error: too many arguments to function 'mostrarVariosProductos'
    mostrarVariosProductos(listaProducto, TAM, cadena[0], cadena[1]);
    ^~~~~~~~~~~~~~~~~~~~~~
In file included from ..\src\clase 10-3.c:61:0:
..\src\Producto.h:62:6: note: declared here
 void mostrarVariosProductos(eProducto unProducto[], int tam, char nacionalidad[]);
      ^~~~~~~~~~~~~~~~~~~~~~
..\src\clase 10-3.c:125:13: error: too many arguments to function 'mostrarProductosCaros'
    estado = mostrarProductosCaros(listaProducto, TAM, precioMayor, cadena[0], cadena[1]);
             ^~~~~~~~~~~~~~~~~~~~~
In file included from ..\src\clase 10-3.c:61:0:
..\src\Producto.h:134:5: note: declared here
 int mostrarProductosCaros(eProducto unProducto[], int tam, float precioMayor, char nacionalidad[]);
     ^~~~~~~~~~~~~~~~~~~~~
..\src\clase 10-3.c:70:16: warning: unused variable 'listaTipo' [-Wunused-variable]
  eTipoProducto listaTipo[TAM_TIPO]={ {1000, "Iphone"},
                ^~~~~~~~~
10:22:03 **** Incremental Build of configuration Debug for project clase 10-3 ****
Info: Internal Builder is used for build
gcc -O0 -g3 -Wall -c -fmessage-length=0 -o "src\\clase 10-3.o" "..\\src\\clase 10-3.c" 
..\src\clase 10-3.c: In function 'main':
..\src\clase 10-3.c:70:16: warning: unused variable 'listaTipo' [-Wunused-variable]
  eTipoProducto listaTipo[TAM_TIPO]={ {1000, "Iphone"},
                ^~~~~~~~~
gcc -O0 -g3 -Wall -c -fmessage-length=0 -o "src\\Producto.o" "..\\src\\Producto.c" 
..\src\Producto.c:106:6: error: conflicting types for 'mostrarProducto'
 void mostrarProducto(eProducto unProducto, char nacionalidad[], char tipo[])
      ^~~~~~~~~~~~~~~
In file included from ..\src\Producto.c:3:0:
..\src\Producto.h:53:6: note: previous declaration of 'mostrarProducto' was here
 void mostrarProducto(eProducto unProducto, char nacionalidad[]);
      ^~~~~~~~~~~~~~~
..\src\Producto.c: In function 'mostrarProducto':
..\src\Producto.c:110:2: warning: implicit declaration of function 'verificacionTipo' [-Wimplicit-function-declaration]
  verificacionTipo(unProducto.tipo, tipo);
  ^~~~~~~~~~~~~~~~
..\src\Producto.c: At top level:
..\src\Producto.c:120:6: error: conflicting types for 'mostrarVariosProductos'
 void mostrarVariosProductos(eProducto unProducto[], int tam, char nacionalidad[], char tipo[])
      ^~~~~~~~~~~~~~~~~~~~~~
In file included from ..\src\Producto.c:3:0:
..\src\Producto.h:62:6: note: previous declaration of 'mostrarVariosProductos' was here
 void mostrarVariosProductos(eProducto unProducto[], int tam, char nacionalidad[]);
      ^~~~~~~~~~~~~~~~~~~~~~
..\src\Producto.c:241:6: warning: conflicting types for 'verificacionTipo'
 void verificacionTipo(int opcion, char caracter[])
      ^~~~~~~~~~~~~~~~
..\src\Producto.c:110:2: note: previous implicit declaration of 'verificacionTipo' was here
  verificacionTipo(unProducto.tipo, tipo);
  ^~~~~~~~~~~~~~~~
..\src\Producto.c:306:5: error: conflicting types for 'mostrarProductosCaros'
 int mostrarProductosCaros(eProducto unProducto[], int tam, float precioMayor, char nacionalidad[], char tipo[])
     ^~~~~~~~~~~~~~~~~~~~~
In file included from ..\src\Producto.c:3:0:
..\src\Producto.h:134:5: note: previous declaration of 'mostrarProductosCaros' was here
 int mostrarProductosCaros(eProducto unProducto[], int tam, float precioMayor, char nacionalidad[]);
     ^~~~~~~~~~~~~~~~~~~~~
10:25:26 **** Incremental Build of configuration Debug for project clase 10-3 ****
Info: Internal Builder is used for build
gcc -O0 -g3 -Wall -c -fmessage-length=0 -o "src\\Producto.o" "..\\src\\Producto.c" 
..\src\Producto.c:106:6: error: conflicting types for 'mostrarProducto'
 void mostrarProducto(eProducto unProducto, char nacionalidad[], char tipo[])
      ^~~~~~~~~~~~~~~
In file included from ..\src\Producto.c:3:0:
..\src\Producto.h:53:6: note: previous declaration of 'mostrarProducto' was here
 void mostrarProducto(eProducto unProducto, char nacionalidad[]);
      ^~~~~~~~~~~~~~~
..\src\Producto.c: In function 'mostrarProducto':
..\src\Producto.c:110:2: warning: implicit declaration of function 'verificacionTipo' [-Wimplicit-function-declaration]
  verificacionTipo(unProducto.tipo, tipo);
  ^~~~~~~~~~~~~~~~
..\src\Producto.c: At top level:
..\src\Producto.c:120:6: error: conflicting types for 'mostrarVariosProductos'
 void mostrarVariosProductos(eProducto unProducto[], int tam, char nacionalidad[], char tipo[])
      ^~~~~~~~~~~~~~~~~~~~~~
In file included from ..\src\Producto.c:3:0:
..\src\Producto.h:62:6: note: previous declaration of 'mostrarVariosProductos' was here
 void mostrarVariosProductos(eProducto unProducto[], int tam, char nacionalidad[]);
      ^~~~~~~~~~~~~~~~~~~~~~
..\src\Producto.c:241:6: warning: conflicting types for 'verificacionTipo'
 void verificacionTipo(int opcion, char caracter[])
      ^~~~~~~~~~~~~~~~
..\src\Producto.c:110:2: note: previous implicit declaration of 'verificacionTipo' was here
  verificacionTipo(unProducto.tipo, tipo);
  ^~~~~~~~~~~~~~~~
..\src\Producto.c:306:5: error: conflicting types for 'mostrarProductosCaros'
 int mostrarProductosCaros(eProducto unProducto[], int tam, float precioMayor, char nacionalidad[], char tipo[])
     ^~~~~~~~~~~~~~~~~~~~~
In file included from ..\src\Producto.c:3:0:
..\src\Producto.h:134:5: note: previous declaration of 'mostrarProductosCaros' was here
 int mostrarProductosCaros(eProducto unProducto[], int tam, float precioMayor, char nacionalidad[]);
     ^~~~~~~~~~~~~~~~~~~~~
..\src\Producto.c: In function 'calcularPromedioDeTipo':
..\src\Producto.c:366:2: warning: implicit declaration of function 'mostrarPromedio' [-Wimplicit-function-declaration]
  mostrarPromedio(promedio, tipo, contador, cadena);
  ^~~~~~~~~~~~~~~
10:28:46 **** Incremental Build of configuration Debug for project clase 10-3 ****
Info: Internal Builder is used for build
gcc -O0 -g3 -Wall -c -fmessage-length=0 -o "src\\Producto.o" "..\\src\\Producto.c" 
..\src\Producto.c:106:6: error: conflicting types for 'mostrarProducto'
 void mostrarProducto(eProducto unProducto, char nacionalidad[], char tipo[])
      ^~~~~~~~~~~~~~~
In file included from ..\src\Producto.c:3:0:
..\src\Producto.h:53:6: note: previous declaration of 'mostrarProducto' was here
 void mostrarProducto(eProducto unProducto, char nacionalidad[]);
      ^~~~~~~~~~~~~~~
..\src\Producto.c: In function 'mostrarProducto':
..\src\Producto.c:110:2: warning: implicit declaration of function 'verificacionTipo' [-Wimplicit-function-declaration]
  verificacionTipo(unProducto.tipo, tipo);
  ^~~~~~~~~~~~~~~~
..\src\Producto.c: At top level:
..\src\Producto.c:120:6: error: conflicting types for 'mostrarVariosProductos'
 void mostrarVariosProductos(eProducto unProducto[], int tam, char nacionalidad[], char tipo[])
      ^~~~~~~~~~~~~~~~~~~~~~
In file included from ..\src\Producto.c:3:0:
..\src\Producto.h:62:6: note: previous declaration of 'mostrarVariosProductos' was here
 void mostrarVariosProductos(eProducto unProducto[], int tam, char nacionalidad[]);
      ^~~~~~~~~~~~~~~~~~~~~~
..\src\Producto.c:279:5: error: conflicting types for 'mostrarProductosCaros'
 int mostrarProductosCaros(eProducto unProducto[], int tam, float precioMayor, char nacionalidad[], char tipo[])
     ^~~~~~~~~~~~~~~~~~~~~
In file included from ..\src\Producto.c:3:0:
..\src\Producto.h:134:5: note: previous declaration of 'mostrarProductosCaros' was here
 int mostrarProductosCaros(eProducto unProducto[], int tam, float precioMayor, char nacionalidad[]);
     ^~~~~~~~~~~~~~~~~~~~~
..\src\Producto.c: In function 'calcularPromedioDeTipo':
..\src\Producto.c:339:2: warning: implicit declaration of function 'mostrarPromedio' [-Wimplicit-function-declaration]
  mostrarPromedio(promedio, tipo, contador, cadena);
  ^~~~~~~~~~~~~~~
10:35:35 **** Incremental Build of configuration Debug for project clase 10-3 ****
Info: Internal Builder is used for build
gcc -O0 -g3 -Wall -c -fmessage-length=0 -o "src\\clase 10-3.o" "..\\src\\clase 10-3.c" 
gcc -O0 -g3 -Wall -c -fmessage-length=0 -o "src\\Producto.o" "..\\src\\Producto.c" 
..\src\Producto.c: In function 'mostrarProducto':
..\src\Producto.c:109:37: error: 'unProducto' is a pointer; did you mean to use '->'?
  verificacionNacionalidad(unProducto.nacionalidad, nacionalidad);
                                     ^
                                     ->
..\src\Producto.c:111:63: error: 'unProducto' is a pointer; did you mean to use '->'?
     printf("|%d | %15s | %20s | %15s | %10.2f \n",  unProducto.idProducto,
                                                               ^
                                                               ->
..\src\Producto.c:112:56: error: 'unProducto' is a pointer; did you mean to use '->'?
                                              unProducto.descripcion,
                                                        ^
                                                        ->
..\src\Producto.c:114:25: error: 'tipo' undeclared (first use in this function)
                         tipo,
                         ^~~~
..\src\Producto.c:114:25: note: each undeclared identifier is reported only once for each function it appears in
..\src\Producto.c:115:35: error: 'unProducto' is a pointer; did you mean to use '->'?
                         unProducto.precio);
                                   ^
                                   ->
..\src\Producto.c: In function 'mostrarVariosProductos':
..\src\Producto.c:130:51: error: 'tipo' undeclared (first use in this function)
      mostrarProducto(unProducto[i], nacionalidad, tipo);
                                                   ^~~~
..\src\Producto.c:130:22: error: incompatible type for argument 1 of 'mostrarProducto'
      mostrarProducto(unProducto[i], nacionalidad, tipo);
                      ^~~~~~~~~~
..\src\Producto.c:106:6: note: expected 'eProducto * {aka struct <anonymous> *}' but argument is of type 'eProducto {aka struct <anonymous>}'
 void mostrarProducto(eProducto unProducto[], eTipoProducto unTipo[], char nacionalidad[])
      ^~~~~~~~~~~~~~~
..\src\Producto.c:130:37: warning: passing argument 2 of 'mostrarProducto' from incompatible pointer type [-Wincompatible-pointer-types]
      mostrarProducto(unProducto[i], nacionalidad, tipo);
                                     ^~~~~~~~~~~~
..\src\Producto.c:106:6: note: expected 'eTipoProducto * {aka struct <anonymous> *}' but argument is of type 'char *'
 void mostrarProducto(eProducto unProducto[], eTipoProducto unTipo[], char nacionalidad[])
      ^~~~~~~~~~~~~~~
..\src\Producto.c:122:6: warning: unused variable 'j' [-Wunused-variable]
  int j;
      ^
..\src\Producto.c: At top level:
..\src\Producto.c:279:5: error: conflicting types for 'mostrarProductosCaros'
 int mostrarProductosCaros(eProducto unProducto[], int tam, float precioMayor, char nacionalidad[], char tipo[])
     ^~~~~~~~~~~~~~~~~~~~~
In file included from ..\src\Producto.c:3:0:
..\src\Producto.h:134:5: note: previous declaration of 'mostrarProductosCaros' was here
 int mostrarProductosCaros(eProducto unProducto[], int tam, float precioMayor, char nacionalidad[]);
     ^~~~~~~~~~~~~~~~~~~~~
..\src\Producto.c: In function 'mostrarUnProductoPorPrecio':
..\src\Producto.c:303:21: error: incompatible type for argument 1 of 'mostrarProducto'
     mostrarProducto(unProducto[i], nacionalidad, tipo);
                     ^~~~~~~~~~
..\src\Producto.c:106:6: note: expected 'eProducto * {aka struct <anonymous> *}' but argument is of type 'eProducto {aka struct <anonymous>}'
 void mostrarProducto(eProducto unProducto[], eTipoProducto unTipo[], char nacionalidad[])
      ^~~~~~~~~~~~~~~
..\src\Producto.c:303:36: warning: passing argument 2 of 'mostrarProducto' from incompatible pointer type [-Wincompatible-pointer-types]
     mostrarProducto(unProducto[i], nacionalidad, tipo);
                                    ^~~~~~~~~~~~
..\src\Producto.c:106:6: note: expected 'eTipoProducto * {aka struct <anonymous> *}' but argument is of type 'char *'
 void mostrarProducto(eProducto unProducto[], eTipoProducto unTipo[], char nacionalidad[])
      ^~~~~~~~~~~~~~~
..\src\Producto.c: In function 'calcularPromedioDeTipo':
..\src\Producto.c:339:2: warning: implicit declaration of function 'mostrarPromedio' [-Wimplicit-function-declaration]
  mostrarPromedio(promedio, tipo, contador, cadena);
  ^~~~~~~~~~~~~~~
..\src\Producto.c: In function 'mostrarPromedioDeTipo':
..\src\Producto.c:346:2: warning: implicit declaration of function 'verificacionTipo' [-Wimplicit-function-declaration]
  verificacionTipo(tipo, cadena);
  ^~~~~~~~~~~~~~~~
..\src\Producto.c: In function 'mostrarUnProductoPorPrecioDeUnTipo':
..\src\Producto.c:408:22: error: incompatible type for argument 1 of 'mostrarProducto'
      mostrarProducto(unProducto[i], nacionalidad, tipoCadena);
                      ^~~~~~~~~~
..\src\Producto.c:106:6: note: expected 'eProducto * {aka struct <anonymous> *}' but argument is of type 'eProducto {aka struct <anonymous>}'
 void mostrarProducto(eProducto unProducto[], eTipoProducto unTipo[], char nacionalidad[])
      ^~~~~~~~~~~~~~~
..\src\Producto.c:408:37: warning: passing argument 2 of 'mostrarProducto' from incompatible pointer type [-Wincompatible-pointer-types]
      mostrarProducto(unProducto[i], nacionalidad, tipoCadena);
                                     ^~~~~~~~~~~~
..\src\Producto.c:106:6: note: expected 'eTipoProducto * {aka struct <anonymous> *}' but argument is of type 'char *'
 void mostrarProducto(eProducto unProducto[], eTipoProducto unTipo[], char nacionalidad[])
      ^~~~~~~~~~~~~~~
..\src\Producto.c: In function 'mostrarVariosProductosDeUnaNacionalidad':
..\src\Producto.c:433:21: error: incompatible type for argument 1 of 'mostrarProducto'
     mostrarProducto(unProducto[i], nacionalidadCadena, tipo);
                     ^~~~~~~~~~
..\src\Producto.c:106:6: note: expected 'eProducto * {aka struct <anonymous> *}' but argument is of type 'eProducto {aka struct <anonymous>}'
 void mostrarProducto(eProducto unProducto[], eTipoProducto unTipo[], char nacionalidad[])
      ^~~~~~~~~~~~~~~
..\src\Producto.c:433:36: warning: passing argument 2 of 'mostrarProducto' from incompatible pointer type [-Wincompatible-pointer-types]
     mostrarProducto(unProducto[i], nacionalidadCadena, tipo);
                                    ^~~~~~~~~~~~~~~~~~
..\src\Producto.c:106:6: note: expected 'eTipoProducto * {aka struct <anonymous> *}' but argument is of type 'char *'
 void mostrarProducto(eProducto unProducto[], eTipoProducto unTipo[], char nacionalidad[])
      ^~~~~~~~~~~~~~~
..\src\Producto.c: In function 'mostrarVariosProductosDeUnTipoConLaCondicionDePrecio':
..\src\Producto.c:452:21: error: incompatible type for argument 1 of 'mostrarProducto'
     mostrarProducto(unProducto[i], nacionalidad, tipoCadena);
                     ^~~~~~~~~~
..\src\Producto.c:106:6: note: expected 'eProducto * {aka struct <anonymous> *}' but argument is of type 'eProducto {aka struct <anonymous>}'
 void mostrarProducto(eProducto unProducto[], eTipoProducto unTipo[], char nacionalidad[])
      ^~~~~~~~~~~~~~~
..\src\Producto.c:452:36: warning: passing argument 2 of 'mostrarProducto' from incompatible pointer type [-Wincompatible-pointer-types]
     mostrarProducto(unProducto[i], nacionalidad, tipoCadena);
                                    ^~~~~~~~~~~~
..\src\Producto.c:106:6: note: expected 'eTipoProducto * {aka struct <anonymous> *}' but argument is of type 'char *'
 void mostrarProducto(eProducto unProducto[], eTipoProducto unTipo[], char nacionalidad[])
      ^~~~~~~~~~~~~~~
10:36:17 **** Incremental Build of configuration Debug for project clase 10-3 ****
Info: Internal Builder is used for build
gcc -O0 -g3 -Wall -c -fmessage-length=0 -o "src\\Producto.o" "..\\src\\Producto.c" 
..\src\Producto.c: In function 'mostrarProducto':
..\src\Producto.c:109:37: error: 'unProducto' is a pointer; did you mean to use '->'?
  verificacionNacionalidad(unProducto.nacionalidad, nacionalidad);
                                     ^
                                     ->
..\src\Producto.c:111:63: error: 'unProducto' is a pointer; did you mean to use '->'?
     printf("|%d | %15s | %20s | %15s | %10.2f \n",  unProducto.idProducto,
                                                               ^
                                                               ->
..\src\Producto.c:112:56: error: 'unProducto' is a pointer; did you mean to use '->'?
                                              unProducto.descripcion,
                                                        ^
                                                        ->
..\src\Producto.c:114:25: error: 'tipo' undeclared (first use in this function)
                         tipo,
                         ^~~~
..\src\Producto.c:114:25: note: each undeclared identifier is reported only once for each function it appears in
..\src\Producto.c:115:35: error: 'unProducto' is a pointer; did you mean to use '->'?
                         unProducto.precio);
                                   ^
                                   ->
..\src\Producto.c: In function 'mostrarVariosProductos':
..\src\Producto.c:130:22: error: incompatible type for argument 1 of 'mostrarProducto'
      mostrarProducto(unProducto[i], unTipo[j], nacionalidad);
                      ^~~~~~~~~~
..\src\Producto.c:106:6: note: expected 'eProducto * {aka struct <anonymous> *}' but argument is of type 'eProducto {aka struct <anonymous>}'
 void mostrarProducto(eProducto unProducto[], eTipoProducto unTipo[], char nacionalidad[])
      ^~~~~~~~~~~~~~~
..\src\Producto.c:130:37: error: incompatible type for argument 2 of 'mostrarProducto'
      mostrarProducto(unProducto[i], unTipo[j], nacionalidad);
                                     ^~~~~~
..\src\Producto.c:106:6: note: expected 'eTipoProducto * {aka struct <anonymous> *}' but argument is of type 'eTipoProducto {aka struct <anonymous>}'
 void mostrarProducto(eProducto unProducto[], eTipoProducto unTipo[], char nacionalidad[])
      ^~~~~~~~~~~~~~~
..\src\Producto.c: At top level:
..\src\Producto.c:279:5: error: conflicting types for 'mostrarProductosCaros'
 int mostrarProductosCaros(eProducto unProducto[], int tam, float precioMayor, char nacionalidad[], char tipo[])
     ^~~~~~~~~~~~~~~~~~~~~
In file included from ..\src\Producto.c:3:0:
..\src\Producto.h:134:5: note: previous declaration of 'mostrarProductosCaros' was here
 int mostrarProductosCaros(eProducto unProducto[], int tam, float precioMayor, char nacionalidad[]);
     ^~~~~~~~~~~~~~~~~~~~~
..\src\Producto.c: In function 'mostrarUnProductoPorPrecio':
..\src\Producto.c:303:21: error: incompatible type for argument 1 of 'mostrarProducto'
     mostrarProducto(unProducto[i], nacionalidad, tipo);
                     ^~~~~~~~~~
..\src\Producto.c:106:6: note: expected 'eProducto * {aka struct <anonymous> *}' but argument is of type 'eProducto {aka struct <anonymous>}'
 void mostrarProducto(eProducto unProducto[], eTipoProducto unTipo[], char nacionalidad[])
      ^~~~~~~~~~~~~~~
..\src\Producto.c:303:36: warning: passing argument 2 of 'mostrarProducto' from incompatible pointer type [-Wincompatible-pointer-types]
     mostrarProducto(unProducto[i], nacionalidad, tipo);
                                    ^~~~~~~~~~~~
..\src\Producto.c:106:6: note: expected 'eTipoProducto * {aka struct <anonymous> *}' but argument is of type 'char *'
 void mostrarProducto(eProducto unProducto[], eTipoProducto unTipo[], char nacionalidad[])
      ^~~~~~~~~~~~~~~
..\src\Producto.c: In function 'calcularPromedioDeTipo':
..\src\Producto.c:339:2: warning: implicit declaration of function 'mostrarPromedio' [-Wimplicit-function-declaration]
  mostrarPromedio(promedio, tipo, contador, cadena);
  ^~~~~~~~~~~~~~~
..\src\Producto.c: In function 'mostrarPromedioDeTipo':
..\src\Producto.c:346:2: warning: implicit declaration of function 'verificacionTipo' [-Wimplicit-function-declaration]
  verificacionTipo(tipo, cadena);
  ^~~~~~~~~~~~~~~~
..\src\Producto.c: In function 'mostrarUnProductoPorPrecioDeUnTipo':
..\src\Producto.c:408:22: error: incompatible type for argument 1 of 'mostrarProducto'
      mostrarProducto(unProducto[i], nacionalidad, tipoCadena);
                      ^~~~~~~~~~
..\src\Producto.c:106:6: note: expected 'eProducto * {aka struct <anonymous> *}' but argument is of type 'eProducto {aka struct <anonymous>}'
 void mostrarProducto(eProducto unProducto[], eTipoProducto unTipo[], char nacionalidad[])
      ^~~~~~~~~~~~~~~
..\src\Producto.c:408:37: warning: passing argument 2 of 'mostrarProducto' from incompatible pointer type [-Wincompatible-pointer-types]
      mostrarProducto(unProducto[i], nacionalidad, tipoCadena);
                                     ^~~~~~~~~~~~
..\src\Producto.c:106:6: note: expected 'eTipoProducto * {aka struct <anonymous> *}' but argument is of type 'char *'
 void mostrarProducto(eProducto unProducto[], eTipoProducto unTipo[], char nacionalidad[])
      ^~~~~~~~~~~~~~~
..\src\Producto.c: In function 'mostrarVariosProductosDeUnaNacionalidad':
..\src\Producto.c:433:21: error: incompatible type for argument 1 of 'mostrarProducto'
     mostrarProducto(unProducto[i], nacionalidadCadena, tipo);
                     ^~~~~~~~~~
..\src\Producto.c:106:6: note: expected 'eProducto * {aka struct <anonymous> *}' but argument is of type 'eProducto {aka struct <anonymous>}'
 void mostrarProducto(eProducto unProducto[], eTipoProducto unTipo[], char nacionalidad[])
      ^~~~~~~~~~~~~~~
..\src\Producto.c:433:36: warning: passing argument 2 of 'mostrarProducto' from incompatible pointer type [-Wincompatible-pointer-types]
     mostrarProducto(unProducto[i], nacionalidadCadena, tipo);
                                    ^~~~~~~~~~~~~~~~~~
..\src\Producto.c:106:6: note: expected 'eTipoProducto * {aka struct <anonymous> *}' but argument is of type 'char *'
 void mostrarProducto(eProducto unProducto[], eTipoProducto unTipo[], char nacionalidad[])
      ^~~~~~~~~~~~~~~
..\src\Producto.c: In function 'mostrarVariosProductosDeUnTipoConLaCondicionDePrecio':
..\src\Producto.c:452:21: error: incompatible type for argument 1 of 'mostrarProducto'
     mostrarProducto(unProducto[i], nacionalidad, tipoCadena);
                     ^~~~~~~~~~
..\src\Producto.c:106:6: note: expected 'eProducto * {aka struct <anonymous> *}' but argument is of type 'eProducto {aka struct <anonymous>}'
 void mostrarProducto(eProducto unProducto[], eTipoProducto unTipo[], char nacionalidad[])
      ^~~~~~~~~~~~~~~
..\src\Producto.c:452:36: warning: passing argument 2 of 'mostrarProducto' from incompatible pointer type [-Wincompatible-pointer-types]
     mostrarProducto(unProducto[i], nacionalidad, tipoCadena);
                                    ^~~~~~~~~~~~
..\src\Producto.c:106:6: note: expected 'eTipoProducto * {aka struct <anonymous> *}' but argument is of type 'char *'
 void mostrarProducto(eProducto unProducto[], eTipoProducto unTipo[], char nacionalidad[])
      ^~~~~~~~~~~~~~~
10:38:36 **** Incremental Build of configuration Debug for project clase 10-3 ****
Info: Internal Builder is used for build
gcc -O0 -g3 -Wall -c -fmessage-length=0 -o "src\\Producto.o" "..\\src\\Producto.c" 
..\src\Producto.c: In function 'mostrarProducto':
..\src\Producto.c:109:37: error: 'unProducto' is a pointer; did you mean to use '->'?
  verificacionNacionalidad(unProducto.nacionalidad, nacionalidad);
                                     ^
                                     ->
..\src\Producto.c:111:63: error: 'unProducto' is a pointer; did you mean to use '->'?
     printf("|%d | %15s | %20s | %15s | %10.2f \n",  unProducto.idProducto,
                                                               ^
                                                               ->
..\src\Producto.c:112:56: error: 'unProducto' is a pointer; did you mean to use '->'?
                                              unProducto.descripcion,
                                                        ^
                                                        ->
..\src\Producto.c:114:25: error: 'tipo' undeclared (first use in this function)
                         tipo,
                         ^~~~
..\src\Producto.c:114:25: note: each undeclared identifier is reported only once for each function it appears in
..\src\Producto.c:115:35: error: 'unProducto' is a pointer; did you mean to use '->'?
                         unProducto.precio);
                                   ^
                                   ->
..\src\Producto.c: In function 'mostrarVariosProductos':
..\src\Producto.c:134:24: error: incompatible type for argument 1 of 'mostrarProducto'
        mostrarProducto(unProducto[i], unTipo[j], nacionalidad);
                        ^~~~~~~~~~
..\src\Producto.c:106:6: note: expected 'eProducto * {aka struct <anonymous> *}' but argument is of type 'eProducto {aka struct <anonymous>}'
 void mostrarProducto(eProducto unProducto[], eTipoProducto unTipo[], char nacionalidad[])
      ^~~~~~~~~~~~~~~
..\src\Producto.c:134:39: error: incompatible type for argument 2 of 'mostrarProducto'
        mostrarProducto(unProducto[i], unTipo[j], nacionalidad);
                                       ^~~~~~
..\src\Producto.c:106:6: note: expected 'eTipoProducto * {aka struct <anonymous> *}' but argument is of type 'eTipoProducto {aka struct <anonymous>}'
 void mostrarProducto(eProducto unProducto[], eTipoProducto unTipo[], char nacionalidad[])
      ^~~~~~~~~~~~~~~
..\src\Producto.c: At top level:
..\src\Producto.c:286:5: error: conflicting types for 'mostrarProductosCaros'
 int mostrarProductosCaros(eProducto unProducto[], int tam, float precioMayor, char nacionalidad[], char tipo[])
     ^~~~~~~~~~~~~~~~~~~~~
In file included from ..\src\Producto.c:3:0:
..\src\Producto.h:134:5: note: previous declaration of 'mostrarProductosCaros' was here
 int mostrarProductosCaros(eProducto unProducto[], int tam, float precioMayor, char nacionalidad[]);
     ^~~~~~~~~~~~~~~~~~~~~
..\src\Producto.c: In function 'mostrarUnProductoPorPrecio':
..\src\Producto.c:310:21: error: incompatible type for argument 1 of 'mostrarProducto'
     mostrarProducto(unProducto[i], nacionalidad, tipo);
                     ^~~~~~~~~~
..\src\Producto.c:106:6: note: expected 'eProducto * {aka struct <anonymous> *}' but argument is of type 'eProducto {aka struct <anonymous>}'
 void mostrarProducto(eProducto unProducto[], eTipoProducto unTipo[], char nacionalidad[])
      ^~~~~~~~~~~~~~~
..\src\Producto.c:310:36: warning: passing argument 2 of 'mostrarProducto' from incompatible pointer type [-Wincompatible-pointer-types]
     mostrarProducto(unProducto[i], nacionalidad, tipo);
                                    ^~~~~~~~~~~~
..\src\Producto.c:106:6: note: expected 'eTipoProducto * {aka struct <anonymous> *}' but argument is of type 'char *'
 void mostrarProducto(eProducto unProducto[], eTipoProducto unTipo[], char nacionalidad[])
      ^~~~~~~~~~~~~~~
..\src\Producto.c: In function 'calcularPromedioDeTipo':
..\src\Producto.c:346:2: warning: implicit declaration of function 'mostrarPromedio' [-Wimplicit-function-declaration]
  mostrarPromedio(promedio, tipo, contador, cadena);
  ^~~~~~~~~~~~~~~
..\src\Producto.c: In function 'mostrarPromedioDeTipo':
..\src\Producto.c:353:2: warning: implicit declaration of function 'verificacionTipo' [-Wimplicit-function-declaration]
  verificacionTipo(tipo, cadena);
  ^~~~~~~~~~~~~~~~
..\src\Producto.c: In function 'mostrarUnProductoPorPrecioDeUnTipo':
..\src\Producto.c:415:22: error: incompatible type for argument 1 of 'mostrarProducto'
      mostrarProducto(unProducto[i], nacionalidad, tipoCadena);
                      ^~~~~~~~~~
..\src\Producto.c:106:6: note: expected 'eProducto * {aka struct <anonymous> *}' but argument is of type 'eProducto {aka struct <anonymous>}'
 void mostrarProducto(eProducto unProducto[], eTipoProducto unTipo[], char nacionalidad[])
      ^~~~~~~~~~~~~~~
..\src\Producto.c:415:37: warning: passing argument 2 of 'mostrarProducto' from incompatible pointer type [-Wincompatible-pointer-types]
      mostrarProducto(unProducto[i], nacionalidad, tipoCadena);
                                     ^~~~~~~~~~~~
..\src\Producto.c:106:6: note: expected 'eTipoProducto * {aka struct <anonymous> *}' but argument is of type 'char *'
 void mostrarProducto(eProducto unProducto[], eTipoProducto unTipo[], char nacionalidad[])
      ^~~~~~~~~~~~~~~
..\src\Producto.c: In function 'mostrarVariosProductosDeUnaNacionalidad':
..\src\Producto.c:440:21: error: incompatible type for argument 1 of 'mostrarProducto'
     mostrarProducto(unProducto[i], nacionalidadCadena, tipo);
                     ^~~~~~~~~~
..\src\Producto.c:106:6: note: expected 'eProducto * {aka struct <anonymous> *}' but argument is of type 'eProducto {aka struct <anonymous>}'
 void mostrarProducto(eProducto unProducto[], eTipoProducto unTipo[], char nacionalidad[])
      ^~~~~~~~~~~~~~~
..\src\Producto.c:440:36: warning: passing argument 2 of 'mostrarProducto' from incompatible pointer type [-Wincompatible-pointer-types]
     mostrarProducto(unProducto[i], nacionalidadCadena, tipo);
                                    ^~~~~~~~~~~~~~~~~~
..\src\Producto.c:106:6: note: expected 'eTipoProducto * {aka struct <anonymous> *}' but argument is of type 'char *'
 void mostrarProducto(eProducto unProducto[], eTipoProducto unTipo[], char nacionalidad[])
      ^~~~~~~~~~~~~~~
..\src\Producto.c: In function 'mostrarVariosProductosDeUnTipoConLaCondicionDePrecio':
..\src\Producto.c:459:21: error: incompatible type for argument 1 of 'mostrarProducto'
     mostrarProducto(unProducto[i], nacionalidad, tipoCadena);
                     ^~~~~~~~~~
..\src\Producto.c:106:6: note: expected 'eProducto * {aka struct <anonymous> *}' but argument is of type 'eProducto {aka struct <anonymous>}'
 void mostrarProducto(eProducto unProducto[], eTipoProducto unTipo[], char nacionalidad[])
      ^~~~~~~~~~~~~~~
..\src\Producto.c:459:36: warning: passing argument 2 of 'mostrarProducto' from incompatible pointer type [-Wincompatible-pointer-types]
     mostrarProducto(unProducto[i], nacionalidad, tipoCadena);
                                    ^~~~~~~~~~~~
..\src\Producto.c:106:6: note: expected 'eTipoProducto * {aka struct <anonymous> *}' but argument is of type 'char *'
 void mostrarProducto(eProducto unProducto[], eTipoProducto unTipo[], char nacionalidad[])
      ^~~~~~~~~~~~~~~
10:39:57 **** Incremental Build of configuration Debug for project clase 10-3 ****
Info: Internal Builder is used for build
gcc -O0 -g3 -Wall -c -fmessage-length=0 -o "src\\Producto.o" "..\\src\\Producto.c" 
..\src\Producto.c: In function 'mostrarProducto':
..\src\Producto.c:109:37: error: 'unProducto' is a pointer; did you mean to use '->'?
  verificacionNacionalidad(unProducto.nacionalidad, nacionalidad);
                                     ^
                                     ->
..\src\Producto.c:111:63: error: 'unProducto' is a pointer; did you mean to use '->'?
     printf("|%d | %15s | %20s | %15s | %10.2f \n",  unProducto.idProducto,
                                                               ^
                                                               ->
..\src\Producto.c:112:57: error: 'unProducto' is a pointer; did you mean to use '->'?
                                               unProducto.descripcion,
                                                         ^
                                                         ->
..\src\Producto.c:114:20: error: 'unTipo' is a pointer; did you mean to use '->'?
              unTipo.descripcionTipo,
                    ^
                    ->
..\src\Producto.c:115:36: error: 'unProducto' is a pointer; did you mean to use '->'?
                          unProducto.precio);
                                    ^
                                    ->
..\src\Producto.c: In function 'mostrarVariosProductos':
..\src\Producto.c:134:24: error: incompatible type for argument 1 of 'mostrarProducto'
        mostrarProducto(unProducto[i], unTipo[j], nacionalidad);
                        ^~~~~~~~~~
..\src\Producto.c:106:6: note: expected 'eProducto * {aka struct <anonymous> *}' but argument is of type 'eProducto {aka struct <anonymous>}'
 void mostrarProducto(eProducto unProducto[], eTipoProducto unTipo[], char nacionalidad[])
      ^~~~~~~~~~~~~~~
..\src\Producto.c:134:39: error: incompatible type for argument 2 of 'mostrarProducto'
        mostrarProducto(unProducto[i], unTipo[j], nacionalidad);
                                       ^~~~~~
..\src\Producto.c:106:6: note: expected 'eTipoProducto * {aka struct <anonymous> *}' but argument is of type 'eTipoProducto {aka struct <anonymous>}'
 void mostrarProducto(eProducto unProducto[], eTipoProducto unTipo[], char nacionalidad[])
      ^~~~~~~~~~~~~~~
..\src\Producto.c: At top level:
..\src\Producto.c:286:5: error: conflicting types for 'mostrarProductosCaros'
 int mostrarProductosCaros(eProducto unProducto[], int tam, float precioMayor, char nacionalidad[], char tipo[])
     ^~~~~~~~~~~~~~~~~~~~~
In file included from ..\src\Producto.c:3:0:
..\src\Producto.h:134:5: note: previous declaration of 'mostrarProductosCaros' was here
 int mostrarProductosCaros(eProducto unProducto[], int tam, float precioMayor, char nacionalidad[]);
     ^~~~~~~~~~~~~~~~~~~~~
..\src\Producto.c: In function 'mostrarUnProductoPorPrecio':
..\src\Producto.c:310:21: error: incompatible type for argument 1 of 'mostrarProducto'
     mostrarProducto(unProducto[i], nacionalidad, tipo);
                     ^~~~~~~~~~
..\src\Producto.c:106:6: note: expected 'eProducto * {aka struct <anonymous> *}' but argument is of type 'eProducto {aka struct <anonymous>}'
 void mostrarProducto(eProducto unProducto[], eTipoProducto unTipo[], char nacionalidad[])
      ^~~~~~~~~~~~~~~
..\src\Producto.c:310:36: warning: passing argument 2 of 'mostrarProducto' from incompatible pointer type [-Wincompatible-pointer-types]
     mostrarProducto(unProducto[i], nacionalidad, tipo);
                                    ^~~~~~~~~~~~
..\src\Producto.c:106:6: note: expected 'eTipoProducto * {aka struct <anonymous> *}' but argument is of type 'char *'
 void mostrarProducto(eProducto unProducto[], eTipoProducto unTipo[], char nacionalidad[])
      ^~~~~~~~~~~~~~~
..\src\Producto.c: In function 'calcularPromedioDeTipo':
..\src\Producto.c:346:2: warning: implicit declaration of function 'mostrarPromedio' [-Wimplicit-function-declaration]
  mostrarPromedio(promedio, tipo, contador, cadena);
  ^~~~~~~~~~~~~~~
..\src\Producto.c: In function 'mostrarPromedioDeTipo':
..\src\Producto.c:353:2: warning: implicit declaration of function 'verificacionTipo' [-Wimplicit-function-declaration]
  verificacionTipo(tipo, cadena);
  ^~~~~~~~~~~~~~~~
..\src\Producto.c: In function 'mostrarUnProductoPorPrecioDeUnTipo':
..\src\Producto.c:415:22: error: incompatible type for argument 1 of 'mostrarProducto'
      mostrarProducto(unProducto[i], nacionalidad, tipoCadena);
                      ^~~~~~~~~~
..\src\Producto.c:106:6: note: expected 'eProducto * {aka struct <anonymous> *}' but argument is of type 'eProducto {aka struct <anonymous>}'
 void mostrarProducto(eProducto unProducto[], eTipoProducto unTipo[], char nacionalidad[])
      ^~~~~~~~~~~~~~~
..\src\Producto.c:415:37: warning: passing argument 2 of 'mostrarProducto' from incompatible pointer type [-Wincompatible-pointer-types]
      mostrarProducto(unProducto[i], nacionalidad, tipoCadena);
                                     ^~~~~~~~~~~~
..\src\Producto.c:106:6: note: expected 'eTipoProducto * {aka struct <anonymous> *}' but argument is of type 'char *'
 void mostrarProducto(eProducto unProducto[], eTipoProducto unTipo[], char nacionalidad[])
      ^~~~~~~~~~~~~~~
..\src\Producto.c: In function 'mostrarVariosProductosDeUnaNacionalidad':
..\src\Producto.c:440:21: error: incompatible type for argument 1 of 'mostrarProducto'
     mostrarProducto(unProducto[i], nacionalidadCadena, tipo);
                     ^~~~~~~~~~
..\src\Producto.c:106:6: note: expected 'eProducto * {aka struct <anonymous> *}' but argument is of type 'eProducto {aka struct <anonymous>}'
 void mostrarProducto(eProducto unProducto[], eTipoProducto unTipo[], char nacionalidad[])
      ^~~~~~~~~~~~~~~
..\src\Producto.c:440:36: warning: passing argument 2 of 'mostrarProducto' from incompatible pointer type [-Wincompatible-pointer-types]
     mostrarProducto(unProducto[i], nacionalidadCadena, tipo);
                                    ^~~~~~~~~~~~~~~~~~
..\src\Producto.c:106:6: note: expected 'eTipoProducto * {aka struct <anonymous> *}' but argument is of type 'char *'
 void mostrarProducto(eProducto unProducto[], eTipoProducto unTipo[], char nacionalidad[])
      ^~~~~~~~~~~~~~~
..\src\Producto.c: In function 'mostrarVariosProductosDeUnTipoConLaCondicionDePrecio':
..\src\Producto.c:459:21: error: incompatible type for argument 1 of 'mostrarProducto'
     mostrarProducto(unProducto[i], nacionalidad, tipoCadena);
                     ^~~~~~~~~~
..\src\Producto.c:106:6: note: expected 'eProducto * {aka struct <anonymous> *}' but argument is of type 'eProducto {aka struct <anonymous>}'
 void mostrarProducto(eProducto unProducto[], eTipoProducto unTipo[], char nacionalidad[])
      ^~~~~~~~~~~~~~~
..\src\Producto.c:459:36: warning: passing argument 2 of 'mostrarProducto' from incompatible pointer type [-Wincompatible-pointer-types]
     mostrarProducto(unProducto[i], nacionalidad, tipoCadena);
                                    ^~~~~~~~~~~~
..\src\Producto.c:106:6: note: expected 'eTipoProducto * {aka struct <anonymous> *}' but argument is of type 'char *'
 void mostrarProducto(eProducto unProducto[], eTipoProducto unTipo[], char nacionalidad[])
      ^~~~~~~~~~~~~~~
10:40:38 **** Incremental Build of configuration Debug for project clase 10-3 ****
Info: Internal Builder is used for build
gcc -O0 -g3 -Wall -c -fmessage-length=0 -o "src\\clase 10-3.o" "..\\src\\clase 10-3.c" 
..\src\clase 10-3.c: In function 'main':
..\src\clase 10-3.c:80:6: warning: unused variable 'contador' [-Wunused-variable]
  int contador[4] = {};
      ^~~~~~~~
..\src\clase 10-3.c:79:8: warning: unused variable 'promedio' [-Wunused-variable]
  float promedio[4] = {};
        ^~~~~~~~
..\src\clase 10-3.c:78:8: warning: variable 'precioMenor' set but not used [-Wunused-but-set-variable]
  float precioMenor;
        ^~~~~~~~~~~
..\src\clase 10-3.c:77:8: warning: variable 'precioMayor' set but not used [-Wunused-but-set-variable]
  float precioMayor;
        ^~~~~~~~~~~
gcc -O0 -g3 -Wall -c -fmessage-length=0 -o "src\\Producto.o" "..\\src\\Producto.c" 
..\src\Producto.c: In function 'mostrarProducto':
..\src\Producto.c:109:37: error: 'unProducto' is a pointer; did you mean to use '->'?
  verificacionNacionalidad(unProducto.nacionalidad, nacionalidad);
                                     ^
                                     ->
..\src\Producto.c:111:63: error: 'unProducto' is a pointer; did you mean to use '->'?
     printf("|%d | %15s | %20s | %15s | %10.2f \n",  unProducto.idProducto,
                                                               ^
                                                               ->
..\src\Producto.c:112:57: error: 'unProducto' is a pointer; did you mean to use '->'?
                                               unProducto.descripcion,
                                                         ^
                                                         ->
..\src\Producto.c:114:20: error: 'unTipo' is a pointer; did you mean to use '->'?
              unTipo.descripcionTipo,
                    ^
                    ->
..\src\Producto.c:115:36: error: 'unProducto' is a pointer; did you mean to use '->'?
                          unProducto.precio);
                                    ^
                                    ->
..\src\Producto.c: In function 'mostrarVariosProductos':
..\src\Producto.c:134:24: error: incompatible type for argument 1 of 'mostrarProducto'
        mostrarProducto(unProducto[i], unTipo[j], nacionalidad);
                        ^~~~~~~~~~
..\src\Producto.c:106:6: note: expected 'eProducto * {aka struct <anonymous> *}' but argument is of type 'eProducto {aka struct <anonymous>}'
 void mostrarProducto(eProducto unProducto[], eTipoProducto unTipo[], char nacionalidad[])
      ^~~~~~~~~~~~~~~
..\src\Producto.c:134:39: error: incompatible type for argument 2 of 'mostrarProducto'
        mostrarProducto(unProducto[i], unTipo[j], nacionalidad);
                                       ^~~~~~
..\src\Producto.c:106:6: note: expected 'eTipoProducto * {aka struct <anonymous> *}' but argument is of type 'eTipoProducto {aka struct <anonymous>}'
 void mostrarProducto(eProducto unProducto[], eTipoProducto unTipo[], char nacionalidad[])
      ^~~~~~~~~~~~~~~
..\src\Producto.c: At top level:
..\src\Producto.c:286:5: error: conflicting types for 'mostrarProductosCaros'
 int mostrarProductosCaros(eProducto unProducto[], int tam, float precioMayor, char nacionalidad[], char tipo[])
     ^~~~~~~~~~~~~~~~~~~~~
In file included from ..\src\Producto.c:3:0:
..\src\Producto.h:134:5: note: previous declaration of 'mostrarProductosCaros' was here
 int mostrarProductosCaros(eProducto unProducto[], int tam, float precioMayor, char nacionalidad[]);
     ^~~~~~~~~~~~~~~~~~~~~
..\src\Producto.c: In function 'mostrarUnProductoPorPrecio':
..\src\Producto.c:310:21: error: incompatible type for argument 1 of 'mostrarProducto'
     mostrarProducto(unProducto[i], nacionalidad, tipo);
                     ^~~~~~~~~~
..\src\Producto.c:106:6: note: expected 'eProducto * {aka struct <anonymous> *}' but argument is of type 'eProducto {aka struct <anonymous>}'
 void mostrarProducto(eProducto unProducto[], eTipoProducto unTipo[], char nacionalidad[])
      ^~~~~~~~~~~~~~~
..\src\Producto.c:310:36: warning: passing argument 2 of 'mostrarProducto' from incompatible pointer type [-Wincompatible-pointer-types]
     mostrarProducto(unProducto[i], nacionalidad, tipo);
                                    ^~~~~~~~~~~~
..\src\Producto.c:106:6: note: expected 'eTipoProducto * {aka struct <anonymous> *}' but argument is of type 'char *'
 void mostrarProducto(eProducto unProducto[], eTipoProducto unTipo[], char nacionalidad[])
      ^~~~~~~~~~~~~~~
..\src\Producto.c: In function 'calcularPromedioDeTipo':
..\src\Producto.c:346:2: warning: implicit declaration of function 'mostrarPromedio' [-Wimplicit-function-declaration]
  mostrarPromedio(promedio, tipo, contador, cadena);
  ^~~~~~~~~~~~~~~
..\src\Producto.c: In function 'mostrarPromedioDeTipo':
..\src\Producto.c:353:2: warning: implicit declaration of function 'verificacionTipo' [-Wimplicit-function-declaration]
  verificacionTipo(tipo, cadena);
  ^~~~~~~~~~~~~~~~
..\src\Producto.c: In function 'mostrarUnProductoPorPrecioDeUnTipo':
..\src\Producto.c:415:22: error: incompatible type for argument 1 of 'mostrarProducto'
      mostrarProducto(unProducto[i], nacionalidad, tipoCadena);
                      ^~~~~~~~~~
..\src\Producto.c:106:6: note: expected 'eProducto * {aka struct <anonymous> *}' but argument is of type 'eProducto {aka struct <anonymous>}'
 void mostrarProducto(eProducto unProducto[], eTipoProducto unTipo[], char nacionalidad[])
      ^~~~~~~~~~~~~~~
..\src\Producto.c:415:37: warning: passing argument 2 of 'mostrarProducto' from incompatible pointer type [-Wincompatible-pointer-types]
      mostrarProducto(unProducto[i], nacionalidad, tipoCadena);
                                     ^~~~~~~~~~~~
..\src\Producto.c:106:6: note: expected 'eTipoProducto * {aka struct <anonymous> *}' but argument is of type 'char *'
 void mostrarProducto(eProducto unProducto[], eTipoProducto unTipo[], char nacionalidad[])
      ^~~~~~~~~~~~~~~
..\src\Producto.c: In function 'mostrarVariosProductosDeUnaNacionalidad':
..\src\Producto.c:440:21: error: incompatible type for argument 1 of 'mostrarProducto'
     mostrarProducto(unProducto[i], nacionalidadCadena, tipo);
                     ^~~~~~~~~~
..\src\Producto.c:106:6: note: expected 'eProducto * {aka struct <anonymous> *}' but argument is of type 'eProducto {aka struct <anonymous>}'
 void mostrarProducto(eProducto unProducto[], eTipoProducto unTipo[], char nacionalidad[])
      ^~~~~~~~~~~~~~~
..\src\Producto.c:440:36: warning: passing argument 2 of 'mostrarProducto' from incompatible pointer type [-Wincompatible-pointer-types]
     mostrarProducto(unProducto[i], nacionalidadCadena, tipo);
                                    ^~~~~~~~~~~~~~~~~~
..\src\Producto.c:106:6: note: expected 'eTipoProducto * {aka struct <anonymous> *}' but argument is of type 'char *'
 void mostrarProducto(eProducto unProducto[], eTipoProducto unTipo[], char nacionalidad[])
      ^~~~~~~~~~~~~~~
..\src\Producto.c: In function 'mostrarVariosProductosDeUnTipoConLaCondicionDePrecio':
..\src\Producto.c:459:21: error: incompatible type for argument 1 of 'mostrarProducto'
     mostrarProducto(unProducto[i], nacionalidad, tipoCadena);
                     ^~~~~~~~~~
..\src\Producto.c:106:6: note: expected 'eProducto * {aka struct <anonymous> *}' but argument is of type 'eProducto {aka struct <anonymous>}'
 void mostrarProducto(eProducto unProducto[], eTipoProducto unTipo[], char nacionalidad[])
      ^~~~~~~~~~~~~~~
..\src\Producto.c:459:36: warning: passing argument 2 of 'mostrarProducto' from incompatible pointer type [-Wincompatible-pointer-types]
     mostrarProducto(unProducto[i], nacionalidad, tipoCadena);
                                    ^~~~~~~~~~~~
..\src\Producto.c:106:6: note: expected 'eTipoProducto * {aka struct <anonymous> *}' but argument is of type 'char *'
 void mostrarProducto(eProducto unProducto[], eTipoProducto unTipo[], char nacionalidad[])
      ^~~~~~~~~~~~~~~
10:41:11 **** Incremental Build of configuration Debug for project clase 10-3 ****
Info: Internal Builder is used for build
gcc -O0 -g3 -Wall -c -fmessage-length=0 -o "src\\Producto.o" "..\\src\\Producto.c" 
..\src\Producto.c: In function 'mostrarProducto':
..\src\Producto.c:109:37: error: 'unProducto' is a pointer; did you mean to use '->'?
  verificacionNacionalidad(unProducto.nacionalidad, nacionalidad);
                                     ^
                                     ->
..\src\Producto.c:111:63: error: 'unProducto' is a pointer; did you mean to use '->'?
     printf("|%d | %15s | %20s | %15s | %10.2f \n",  unProducto.idProducto,
                                                               ^
                                                               ->
..\src\Producto.c:112:57: error: 'unProducto' is a pointer; did you mean to use '->'?
                                               unProducto.descripcion,
                                                         ^
                                                         ->
..\src\Producto.c:114:20: error: 'unTipo' is a pointer; did you mean to use '->'?
              unTipo.descripcionTipo,
                    ^
                    ->
..\src\Producto.c:115:36: error: 'unProducto' is a pointer; did you mean to use '->'?
                          unProducto.precio);
                                    ^
                                    ->
..\src\Producto.c: In function 'mostrarVariosProductos':
..\src\Producto.c:134:24: error: incompatible type for argument 1 of 'mostrarProducto'
        mostrarProducto(unProducto[i], unTipo[j], nacionalidad);
                        ^~~~~~~~~~
..\src\Producto.c:106:6: note: expected 'eProducto * {aka struct <anonymous> *}' but argument is of type 'eProducto {aka struct <anonymous>}'
 void mostrarProducto(eProducto unProducto[], eTipoProducto unTipo[], char nacionalidad[])
      ^~~~~~~~~~~~~~~
..\src\Producto.c:134:39: error: incompatible type for argument 2 of 'mostrarProducto'
        mostrarProducto(unProducto[i], unTipo[j], nacionalidad);
                                       ^~~~~~
..\src\Producto.c:106:6: note: expected 'eTipoProducto * {aka struct <anonymous> *}' but argument is of type 'eTipoProducto {aka struct <anonymous>}'
 void mostrarProducto(eProducto unProducto[], eTipoProducto unTipo[], char nacionalidad[])
      ^~~~~~~~~~~~~~~
10:41:55 **** Incremental Build of configuration Debug for project clase 10-3 ****
Info: Internal Builder is used for build
gcc -O0 -g3 -Wall -c -fmessage-length=0 -o "src\\Producto.o" "..\\src\\Producto.c" 
..\src\Producto.c: In function 'mostrarProducto':
..\src\Producto.c:109:37: error: 'unProducto' is a pointer; did you mean to use '->'?
  verificacionNacionalidad(unProducto.nacionalidad, nacionalidad);
                                     ^
                                     ->
..\src\Producto.c:111:63: error: 'unProducto' is a pointer; did you mean to use '->'?
     printf("|%d | %15s | %20s | %15s | %10.2f \n",  unProducto.idProducto,
                                                               ^
                                                               ->
..\src\Producto.c:112:57: error: 'unProducto' is a pointer; did you mean to use '->'?
                                               unProducto.descripcion,
                                                         ^
                                                         ->
..\src\Producto.c:114:20: error: 'unTipo' is a pointer; did you mean to use '->'?
              unTipo.descripcionTipo,
                    ^
                    ->
..\src\Producto.c:115:36: error: 'unProducto' is a pointer; did you mean to use '->'?
                          unProducto.precio);
                                    ^
                                    ->
..\src\Producto.c: In function 'mostrarVariosProductos':
..\src\Producto.c:134:24: error: incompatible type for argument 1 of 'mostrarProducto'
        mostrarProducto(unProducto[i], unTipo[j], nacionalidad);
                        ^~~~~~~~~~
..\src\Producto.c:106:6: note: expected 'eProducto * {aka struct <anonymous> *}' but argument is of type 'eProducto {aka struct <anonymous>}'
 void mostrarProducto(eProducto unProducto[], eTipoProducto unTipo[], char nacionalidad[])
      ^~~~~~~~~~~~~~~
..\src\Producto.c:134:39: error: incompatible type for argument 2 of 'mostrarProducto'
        mostrarProducto(unProducto[i], unTipo[j], nacionalidad);
                                       ^~~~~~
..\src\Producto.c:106:6: note: expected 'eTipoProducto * {aka struct <anonymous> *}' but argument is of type 'eTipoProducto {aka struct <anonymous>}'
 void mostrarProducto(eProducto unProducto[], eTipoProducto unTipo[], char nacionalidad[])
      ^~~~~~~~~~~~~~~
10:42:30 **** Incremental Build of configuration Debug for project clase 10-3 ****
Info: Internal Builder is used for build
gcc -O0 -g3 -Wall -c -fmessage-length=0 -o "src\\Producto.o" "..\\src\\Producto.c" 
gcc -o "clase 10-3.exe" "src\\IngresarDatos.o" "src\\OtrasFunciones.o" "src\\Producto.o" "src\\TipoProducto.o" "src\\clase 10-3.o" 
10:42:37 **** Incremental Build of configuration Debug for project clase 10-3 ****
Info: Internal Builder is used for build
gcc -O0 -g3 -Wall -c -fmessage-length=0 -o "src\\Producto.o" "..\\src\\Producto.c" 
..\src\Producto.c: In function 'mostrarVariosProductos':
..\src\Producto.c:134:24: error: incompatible type for argument 1 of 'mostrarProducto'
        mostrarProducto(unProducto[i], unTipo[j], nacionalidad);
                        ^~~~~~~~~~
..\src\Producto.c:106:6: note: expected 'eProducto * {aka struct <anonymous> *}' but argument is of type 'eProducto {aka struct <anonymous>}'
 void mostrarProducto(eProducto unProducto[], eTipoProducto unTipo[], char nacionalidad[])
      ^~~~~~~~~~~~~~~
..\src\Producto.c:134:39: error: incompatible type for argument 2 of 'mostrarProducto'
        mostrarProducto(unProducto[i], unTipo[j], nacionalidad);
                                       ^~~~~~
..\src\Producto.c:106:6: note: expected 'eTipoProducto * {aka struct <anonymous> *}' but argument is of type 'eTipoProducto {aka struct <anonymous>}'
 void mostrarProducto(eProducto unProducto[], eTipoProducto unTipo[], char nacionalidad[])
      ^~~~~~~~~~~~~~~
10:45:47 **** Incremental Build of configuration Debug for project clase 10-3 ****
Info: Internal Builder is used for build
gcc -O0 -g3 -Wall -c -fmessage-length=0 -o "src\\clase 10-3.o" "..\\src\\clase 10-3.c" 
..\src\clase 10-3.c: In function 'main':
..\src\clase 10-3.c:80:6: warning: unused variable 'contador' [-Wunused-variable]
  int contador[4] = {};
      ^~~~~~~~
..\src\clase 10-3.c:79:8: warning: unused variable 'promedio' [-Wunused-variable]
  float promedio[4] = {};
        ^~~~~~~~
..\src\clase 10-3.c:78:8: warning: variable 'precioMenor' set but not used [-Wunused-but-set-variable]
  float precioMenor;
        ^~~~~~~~~~~
..\src\clase 10-3.c:77:8: warning: variable 'precioMayor' set but not used [-Wunused-but-set-variable]
  float precioMayor;
        ^~~~~~~~~~~
gcc -O0 -g3 -Wall -c -fmessage-length=0 -o "src\\Producto.o" "..\\src\\Producto.c" 
..\src\Producto.c: In function 'mostrarVariosProductos':
..\src\Producto.c:135:8: error: too few arguments to function 'mostrarProducto'
        mostrarProducto();
        ^~~~~~~~~~~~~~~
..\src\Producto.c:106:6: note: declared here
 void mostrarProducto(eProducto unProducto[], eTipoProducto unTipo[], char nacionalidad[])
      ^~~~~~~~~~~~~~~
10:46:41 **** Incremental Build of configuration Debug for project clase 10-3 ****
Info: Internal Builder is used for build
gcc -O0 -g3 -Wall -c -fmessage-length=0 -o "src\\Producto.o" "..\\src\\Producto.c" 
..\src\Producto.c: In function 'mostrarVariosProductos':
..\src\Producto.c:135:39: error: expected expression before ')' token
        mostrarProducto(unProducto[i], );
                                       ^
..\src\Producto.c:135:24: error: incompatible type for argument 1 of 'mostrarProducto'
        mostrarProducto(unProducto[i], );
                        ^~~~~~~~~~
..\src\Producto.c:106:6: note: expected 'eProducto * {aka struct <anonymous> *}' but argument is of type 'eProducto {aka struct <anonymous>}'
 void mostrarProducto(eProducto unProducto[], eTipoProducto unTipo[], char nacionalidad[])
      ^~~~~~~~~~~~~~~
..\src\Producto.c:135:8: error: too few arguments to function 'mostrarProducto'
        mostrarProducto(unProducto[i], );
        ^~~~~~~~~~~~~~~
..\src\Producto.c:106:6: note: declared here
 void mostrarProducto(eProducto unProducto[], eTipoProducto unTipo[], char nacionalidad[])
      ^~~~~~~~~~~~~~~
10:47:24 **** Incremental Build of configuration Debug for project clase 10-3 ****
Info: Internal Builder is used for build
gcc -O0 -g3 -Wall -c -fmessage-length=0 -o "src\\Producto.o" "..\\src\\Producto.c" 
..\src\Producto.c: In function 'mostrarVariosProductos':
..\src\Producto.c:135:24: error: incompatible type for argument 1 of 'mostrarProducto'
        mostrarProducto(unProducto[i], unTipo[j], nacionalidad);
                        ^~~~~~~~~~
..\src\Producto.c:106:6: note: expected 'eProducto * {aka struct <anonymous> *}' but argument is of type 'eProducto {aka struct <anonymous>}'
 void mostrarProducto(eProducto unProducto[], eTipoProducto unTipo[], char nacionalidad[])
      ^~~~~~~~~~~~~~~
..\src\Producto.c:135:39: error: incompatible type for argument 2 of 'mostrarProducto'
        mostrarProducto(unProducto[i], unTipo[j], nacionalidad);
                                       ^~~~~~
..\src\Producto.c:106:6: note: expected 'eTipoProducto * {aka struct <anonymous> *}' but argument is of type 'eTipoProducto {aka struct <anonymous>}'
 void mostrarProducto(eProducto unProducto[], eTipoProducto unTipo[], char nacionalidad[])
      ^~~~~~~~~~~~~~~
10:47:48 **** Incremental Build of configuration Debug for project clase 10-3 ****
Info: Internal Builder is used for build
gcc -O0 -g3 -Wall -c -fmessage-length=0 -o "src\\Producto.o" "..\\src\\Producto.c" 
..\src\Producto.c: In function 'mostrarVariosProductos':
..\src\Producto.c:135:24: error: incompatible type for argument 1 of 'mostrarProducto'
        mostrarProducto(unProducto[i], unTipo[j], nacionalidad);
                        ^~~~~~~~~~
..\src\Producto.c:106:6: note: expected 'eProducto * {aka struct <anonymous> *}' but argument is of type 'eProducto {aka struct <anonymous>}'
 void mostrarProducto(eProducto unProducto[], eTipoProducto unTipo[], char nacionalidad[])
      ^~~~~~~~~~~~~~~
..\src\Producto.c:135:39: error: incompatible type for argument 2 of 'mostrarProducto'
        mostrarProducto(unProducto[i], unTipo[j], nacionalidad);
                                       ^~~~~~
..\src\Producto.c:106:6: note: expected 'eTipoProducto * {aka struct <anonymous> *}' but argument is of type 'eTipoProducto {aka struct <anonymous>}'
 void mostrarProducto(eProducto unProducto[], eTipoProducto unTipo[], char nacionalidad[])
      ^~~~~~~~~~~~~~~
10:48:44 **** Incremental Build of configuration Debug for project clase 10-3 ****
Info: Internal Builder is used for build
gcc -O0 -g3 -Wall -c -fmessage-length=0 -o "src\\Producto.o" "..\\src\\Producto.c" 
..\src\Producto.c: In function 'mostrarVariosProductos':
..\src\Producto.c:134:24: error: incompatible type for argument 1 of 'mostrarProducto'
        mostrarProducto(unProducto[i], unTipo[j], nacionalidad);
                        ^~~~~~~~~~
..\src\Producto.c:106:6: note: expected 'eProducto * {aka struct <anonymous> *}' but argument is of type 'eProducto {aka struct <anonymous>}'
 void mostrarProducto(eProducto unProducto[], eTipoProducto unTipo[], char nacionalidad[])
      ^~~~~~~~~~~~~~~
..\src\Producto.c:134:39: error: incompatible type for argument 2 of 'mostrarProducto'
        mostrarProducto(unProducto[i], unTipo[j], nacionalidad);
                                       ^~~~~~
..\src\Producto.c:106:6: note: expected 'eTipoProducto * {aka struct <anonymous> *}' but argument is of type 'eTipoProducto {aka struct <anonymous>}'
 void mostrarProducto(eProducto unProducto[], eTipoProducto unTipo[], char nacionalidad[])
      ^~~~~~~~~~~~~~~
10:53:52 **** Incremental Build of configuration Debug for project clase 10-3 ****
Info: Internal Builder is used for build
gcc -O0 -g3 -Wall -c -fmessage-length=0 -o "src\\Producto.o" "..\\src\\Producto.c" 
..\src\Producto.c: In function 'mostrarVariosProductos':
..\src\Producto.c:134:24: error: incompatible type for argument 1 of 'mostrarProducto'
        mostrarProducto(unProducto[i], unTipo[j], nacionalidad);
                        ^~~~~~~~~~
..\src\Producto.c:106:6: note: expected 'eProducto * {aka struct <anonymous> *}' but argument is of type 'eProducto {aka struct <anonymous>}'
 void mostrarProducto(eProducto unProducto[], eTipoProducto unTipo[], char nacionalidad[])
      ^~~~~~~~~~~~~~~
..\src\Producto.c:134:39: error: incompatible type for argument 2 of 'mostrarProducto'
        mostrarProducto(unProducto[i], unTipo[j], nacionalidad);
                                       ^~~~~~
..\src\Producto.c:106:6: note: expected 'eTipoProducto * {aka struct <anonymous> *}' but argument is of type 'eTipoProducto {aka struct <anonymous>}'
 void mostrarProducto(eProducto unProducto[], eTipoProducto unTipo[], char nacionalidad[])
      ^~~~~~~~~~~~~~~
10:55:13 **** Incremental Build of configuration Debug for project clase 10-3 ****
Info: Internal Builder is used for build
gcc -O0 -g3 -Wall -c -fmessage-length=0 -o "src\\Producto.o" "..\\src\\Producto.c" 
..\src\Producto.c: In function 'mostrarVariosProductos':
..\src\Producto.c:134:24: error: incompatible type for argument 1 of 'mostrarProducto'
        mostrarProducto(unProducto[i], unTipo[j], nacionalidad);
                        ^~~~~~~~~~
..\src\Producto.c:106:6: note: expected 'eProducto * {aka struct <anonymous> *}' but argument is of type 'eProducto {aka struct <anonymous>}'
 void mostrarProducto(eProducto unProducto[], eTipoProducto unTipo[], char nacionalidad[])
      ^~~~~~~~~~~~~~~
..\src\Producto.c:134:39: error: incompatible type for argument 2 of 'mostrarProducto'
        mostrarProducto(unProducto[i], unTipo[j], nacionalidad);
                                       ^~~~~~
..\src\Producto.c:106:6: note: expected 'eTipoProducto * {aka struct <anonymous> *}' but argument is of type 'eTipoProducto {aka struct <anonymous>}'
 void mostrarProducto(eProducto unProducto[], eTipoProducto unTipo[], char nacionalidad[])
      ^~~~~~~~~~~~~~~
10:55:58 **** Incremental Build of configuration Debug for project clase 10-3 ****
Info: Internal Builder is used for build
gcc -O0 -g3 -Wall -c -fmessage-length=0 -o "src\\Producto.o" "..\\src\\Producto.c" 
..\src\Producto.c: In function 'mostrarVariosProductos':
..\src\Producto.c:134:24: error: incompatible type for argument 1 of 'mostrarProducto'
        mostrarProducto(unProducto[i], unTipo[j], nacionalidad);
                        ^~~~~~~~~~
..\src\Producto.c:106:6: note: expected 'eProducto * {aka struct <anonymous> *}' but argument is of type 'eProducto {aka struct <anonymous>}'
 void mostrarProducto(eProducto unProducto[], eTipoProducto unTipo[], char nacionalidad[])
      ^~~~~~~~~~~~~~~
..\src\Producto.c:134:39: error: incompatible type for argument 2 of 'mostrarProducto'
        mostrarProducto(unProducto[i], unTipo[j], nacionalidad);
                                       ^~~~~~
..\src\Producto.c:106:6: note: expected 'eTipoProducto * {aka struct <anonymous> *}' but argument is of type 'eTipoProducto {aka struct <anonymous>}'
 void mostrarProducto(eProducto unProducto[], eTipoProducto unTipo[], char nacionalidad[])
      ^~~~~~~~~~~~~~~
10:56:16 **** Incremental Build of configuration Debug for project clase 10-3 ****
Info: Internal Builder is used for build
gcc -O0 -g3 -Wall -c -fmessage-length=0 -o "src\\Producto.o" "..\\src\\Producto.c" 
..\src\Producto.c: In function 'mostrarVariosProductos':
..\src\Producto.c:134:24: error: incompatible type for argument 1 of 'mostrarProducto'
        mostrarProducto(unProducto[i], unTipo[j], nacionalidad);
                        ^~~~~~~~~~
..\src\Producto.c:106:6: note: expected 'eProducto * {aka struct <anonymous> *}' but argument is of type 'eProducto {aka struct <anonymous>}'
 void mostrarProducto(eProducto unProducto[], eTipoProducto unTipo[], char nacionalidad[])
      ^~~~~~~~~~~~~~~
..\src\Producto.c:134:39: error: incompatible type for argument 2 of 'mostrarProducto'
        mostrarProducto(unProducto[i], unTipo[j], nacionalidad);
                                       ^~~~~~
..\src\Producto.c:106:6: note: expected 'eTipoProducto * {aka struct <anonymous> *}' but argument is of type 'eTipoProducto {aka struct <anonymous>}'
 void mostrarProducto(eProducto unProducto[], eTipoProducto unTipo[], char nacionalidad[])
      ^~~~~~~~~~~~~~~
10:56:28 **** Incremental Build of configuration Debug for project clase 10-3 ****
Info: Internal Builder is used for build
gcc -O0 -g3 -Wall -c -fmessage-length=0 -o "src\\Producto.o" "..\\src\\Producto.c" 
..\src\Producto.c: In function 'mostrarVariosProductos':
..\src\Producto.c:134:24: error: incompatible type for argument 1 of 'mostrarProducto'
        mostrarProducto(unProducto[i], unTipo[j], nacionalidad);
                        ^~~~~~~~~~
..\src\Producto.c:106:6: note: expected 'eProducto * {aka struct <anonymous> *}' but argument is of type 'eProducto {aka struct <anonymous>}'
 void mostrarProducto(eProducto unProducto[], eTipoProducto unTipo[], char nacionalidad[])
      ^~~~~~~~~~~~~~~
..\src\Producto.c:134:39: error: incompatible type for argument 2 of 'mostrarProducto'
        mostrarProducto(unProducto[i], unTipo[j], nacionalidad);
                                       ^~~~~~
..\src\Producto.c:106:6: note: expected 'eTipoProducto * {aka struct <anonymous> *}' but argument is of type 'eTipoProducto {aka struct <anonymous>}'
 void mostrarProducto(eProducto unProducto[], eTipoProducto unTipo[], char nacionalidad[])
      ^~~~~~~~~~~~~~~
10:56:40 **** Incremental Build of configuration Debug for project clase 10-3 ****
Info: Internal Builder is used for build
gcc -O0 -g3 -Wall -c -fmessage-length=0 -o "src\\Producto.o" "..\\src\\Producto.c" 
..\src\Producto.c: In function 'mostrarVariosProductos':
..\src\Producto.c:134:24: error: incompatible type for argument 1 of 'mostrarProducto'
        mostrarProducto(unProducto[i], unTipo[j], nacionalidad);
                        ^~~~~~~~~~
..\src\Producto.c:106:6: note: expected 'eProducto * {aka struct <anonymous> *}' but argument is of type 'eProducto {aka struct <anonymous>}'
 void mostrarProducto(eProducto unProducto[], eTipoProducto unTipo[], char nacionalidad[])
      ^~~~~~~~~~~~~~~
..\src\Producto.c:134:39: error: incompatible type for argument 2 of 'mostrarProducto'
        mostrarProducto(unProducto[i], unTipo[j], nacionalidad);
                                       ^~~~~~
..\src\Producto.c:106:6: note: expected 'eTipoProducto * {aka struct <anonymous> *}' but argument is of type 'eTipoProducto {aka struct <anonymous>}'
 void mostrarProducto(eProducto unProducto[], eTipoProducto unTipo[], char nacionalidad[])
      ^~~~~~~~~~~~~~~
10:58:58 **** Incremental Build of configuration Debug for project clase 10-3 ****
Info: Internal Builder is used for build
gcc -O0 -g3 -Wall -c -fmessage-length=0 -o "src\\Producto.o" "..\\src\\Producto.c" 
..\src\Producto.c: In function 'mostrarVariosProductos':
..\src\Producto.c:134:24: error: incompatible type for argument 1 of 'mostrarProducto'
        mostrarProducto(unProducto[i], unTipo[j], nacionalidad);
                        ^~~~~~~~~~
..\src\Producto.c:106:6: note: expected 'eProducto * {aka struct <anonymous> *}' but argument is of type 'eProducto {aka struct <anonymous>}'
 void mostrarProducto(eProducto unProducto[], eTipoProducto unTipo[], char nacionalidad[])
      ^~~~~~~~~~~~~~~
..\src\Producto.c:134:39: error: incompatible type for argument 2 of 'mostrarProducto'
        mostrarProducto(unProducto[i], unTipo[j], nacionalidad);
                                       ^~~~~~
..\src\Producto.c:106:6: note: expected 'eTipoProducto * {aka struct <anonymous> *}' but argument is of type 'eTipoProducto {aka struct <anonymous>}'
 void mostrarProducto(eProducto unProducto[], eTipoProducto unTipo[], char nacionalidad[])
      ^~~~~~~~~~~~~~~
10:59:26 **** Incremental Build of configuration Debug for project clase 10-3 ****
Info: Internal Builder is used for build
gcc -O0 -g3 -Wall -c -fmessage-length=0 -o "src\\Producto.o" "..\\src\\Producto.c" 
gcc -o "clase 10-3.exe" "src\\IngresarDatos.o" "src\\OtrasFunciones.o" "src\\Producto.o" "src\\TipoProducto.o" "src\\clase 10-3.o" 
11:00:05 **** Incremental Build of configuration Debug for project clase 10-3 ****
Info: Internal Builder is used for build
gcc -O0 -g3 -Wall -c -fmessage-length=0 -o "src\\Producto.o" "..\\src\\Producto.c" 
..\src\Producto.c: In function 'mostrarVariosProductos':
..\src\Producto.c:134:24: error: incompatible type for argument 1 of 'mostrarProducto'
        mostrarProducto(unProducto[i], unTipo, nacionalidad);
                        ^~~~~~~~~~
..\src\Producto.c:106:6: note: expected 'eProducto * {aka struct <anonymous> *}' but argument is of type 'eProducto {aka struct <anonymous>}'
 void mostrarProducto(eProducto unProducto[], eTipoProducto unTipo[], char nacionalidad[])
      ^~~~~~~~~~~~~~~
11:00:21 **** Incremental Build of configuration Debug for project clase 10-3 ****
Info: Internal Builder is used for build
gcc -O0 -g3 -Wall -c -fmessage-length=0 -o "src\\Producto.o" "..\\src\\Producto.c" 
..\src\Producto.c: In function 'mostrarProducto':
..\src\Producto.c:109:37: error: 'unProducto' is a pointer; did you mean to use '->'?
  verificacionNacionalidad(unProducto.nacionalidad, nacionalidad);
                                     ^
                                     ->
..\src\Producto.c:111:63: error: 'unProducto' is a pointer; did you mean to use '->'?
     printf("|%d | %15s | %20s | %15s | %10.2f \n",  unProducto.idProducto,
                                                               ^
                                                               ->
..\src\Producto.c:112:57: error: 'unProducto' is a pointer; did you mean to use '->'?
                                               unProducto.descripcion,
                                                         ^
                                                         ->
..\src\Producto.c:114:20: error: 'unTipo' is a pointer; did you mean to use '->'?
              unTipo.descripcionTipo,
                    ^
                    ->
..\src\Producto.c:115:36: error: 'unProducto' is a pointer; did you mean to use '->'?
                          unProducto.precio);
                                    ^
                                    ->
11:01:01 **** Incremental Build of configuration Debug for project clase 10-3 ****
Info: Internal Builder is used for build
gcc -O0 -g3 -Wall -c -fmessage-length=0 -o "src\\Producto.o" "..\\src\\Producto.c" 
..\src\Producto.c: In function 'mostrarProducto':
..\src\Producto.c:109:37: error: 'unProducto' is a pointer; did you mean to use '->'?
  verificacionNacionalidad(unProducto.nacionalidad, nacionalidad);
                                     ^
                                     ->
..\src\Producto.c:111:63: error: 'unProducto' is a pointer; did you mean to use '->'?
     printf("|%d | %15s | %20s | %15s | %10.2f \n",  unProducto.idProducto,
                                                               ^
                                                               ->
..\src\Producto.c:112:57: error: 'unProducto' is a pointer; did you mean to use '->'?
                                               unProducto.descripcion,
                                                         ^
                                                         ->
..\src\Producto.c:114:20: error: 'unTipo' is a pointer; did you mean to use '->'?
              unTipo.descripcionTipo,
                    ^
                    ->
..\src\Producto.c:115:36: error: 'unProducto' is a pointer; did you mean to use '->'?
                          unProducto.precio);
                                    ^
                                    ->
11:01:15 **** Incremental Build of configuration Debug for project clase 10-3 ****
Info: Internal Builder is used for build
gcc -O0 -g3 -Wall -c -fmessage-length=0 -o "src\\Producto.o" "..\\src\\Producto.c" 
..\src\Producto.c: In function 'mostrarProducto':
..\src\Producto.c:109:37: error: 'unProducto' is a pointer; did you mean to use '->'?
  verificacionNacionalidad(unProducto.nacionalidad, nacionalidad);
                                     ^
                                     ->
..\src\Producto.c:111:63: error: 'unProducto' is a pointer; did you mean to use '->'?
     printf("|%d | %15s | %20s | %15s | %10.2f \n",  unProducto.idProducto,
                                                               ^
                                                               ->
..\src\Producto.c:112:57: error: 'unProducto' is a pointer; did you mean to use '->'?
                                               unProducto.descripcion,
                                                         ^
                                                         ->
..\src\Producto.c:114:20: error: 'unTipo' is a pointer; did you mean to use '->'?
              unTipo.descripcionTipo,
                    ^
                    ->
..\src\Producto.c:115:36: error: 'unProducto' is a pointer; did you mean to use '->'?
                          unProducto.precio);
                                    ^
                                    ->
..\src\Producto.c: In function 'mostrarVariosProductos':
..\src\Producto.c:134:24: error: incompatible type for argument 1 of 'mostrarProducto'
        mostrarProducto(unProducto[i], unTipo[j], nacionalidad);
                        ^~~~~~~~~~
..\src\Producto.c:106:6: note: expected 'eProducto * {aka struct <anonymous> *}' but argument is of type 'eProducto {aka struct <anonymous>}'
 void mostrarProducto(eProducto unProducto[], eTipoProducto unTipo[], char nacionalidad[])
      ^~~~~~~~~~~~~~~
..\src\Producto.c:134:39: error: incompatible type for argument 2 of 'mostrarProducto'
        mostrarProducto(unProducto[i], unTipo[j], nacionalidad);
                                       ^~~~~~
..\src\Producto.c:106:6: note: expected 'eTipoProducto * {aka struct <anonymous> *}' but argument is of type 'eTipoProducto {aka struct <anonymous>}'
 void mostrarProducto(eProducto unProducto[], eTipoProducto unTipo[], char nacionalidad[])
      ^~~~~~~~~~~~~~~
11:01:29 **** Incremental Build of configuration Debug for project clase 10-3 ****
Info: Internal Builder is used for build
gcc -O0 -g3 -Wall -c -fmessage-length=0 -o "src\\Producto.o" "..\\src\\Producto.c" 
..\src\Producto.c: In function 'mostrarVariosProductos':
..\src\Producto.c:134:24: error: incompatible type for argument 1 of 'mostrarProducto'
        mostrarProducto(unProducto[i], unTipo[j], nacionalidad);
                        ^~~~~~~~~~
..\src\Producto.c:106:6: note: expected 'eProducto * {aka struct <anonymous> *}' but argument is of type 'eProducto {aka struct <anonymous>}'
 void mostrarProducto(eProducto unProducto[], eTipoProducto unTipo[], char nacionalidad[])
      ^~~~~~~~~~~~~~~
..\src\Producto.c:134:39: error: incompatible type for argument 2 of 'mostrarProducto'
        mostrarProducto(unProducto[i], unTipo[j], nacionalidad);
                                       ^~~~~~
..\src\Producto.c:106:6: note: expected 'eTipoProducto * {aka struct <anonymous> *}' but argument is of type 'eTipoProducto {aka struct <anonymous>}'
 void mostrarProducto(eProducto unProducto[], eTipoProducto unTipo[], char nacionalidad[])
      ^~~~~~~~~~~~~~~
11:02:46 **** Incremental Build of configuration Debug for project clase 10-3 ****
Info: Internal Builder is used for build
gcc -O0 -g3 -Wall -c -fmessage-length=0 -o "src\\Producto.o" "..\\src\\Producto.c" 
..\src\Producto.c: In function 'mostrarVariosProductos':
..\src\Producto.c:134:24: error: incompatible type for argument 1 of 'mostrarProducto'
        mostrarProducto(unProducto[i], unTipo[j], nacionalidad);
                        ^~~~~~~~~~
..\src\Producto.c:106:6: note: expected 'eProducto * {aka struct <anonymous> *}' but argument is of type 'eProducto {aka struct <anonymous>}'
 void mostrarProducto(eProducto unProducto[], eTipoProducto unTipo[], char nacionalidad[])
      ^~~~~~~~~~~~~~~
..\src\Producto.c:134:39: error: incompatible type for argument 2 of 'mostrarProducto'
        mostrarProducto(unProducto[i], unTipo[j], nacionalidad);
                                       ^~~~~~
..\src\Producto.c:106:6: note: expected 'eTipoProducto * {aka struct <anonymous> *}' but argument is of type 'eTipoProducto {aka struct <anonymous>}'
 void mostrarProducto(eProducto unProducto[], eTipoProducto unTipo[], char nacionalidad[])
      ^~~~~~~~~~~~~~~
11:02:58 **** Incremental Build of configuration Debug for project clase 10-3 ****
Info: Internal Builder is used for build
gcc -O0 -g3 -Wall -c -fmessage-length=0 -o "src\\Producto.o" "..\\src\\Producto.c" 
..\src\Producto.c: In function 'mostrarVariosProductos':
..\src\Producto.c:134:24: error: incompatible type for argument 1 of 'mostrarProducto'
        mostrarProducto(unProducto[i], unTipo[j], nacionalidad);
                        ^~~~~~~~~~
..\src\Producto.c:106:6: note: expected 'eProducto * {aka struct <anonymous> *}' but argument is of type 'eProducto {aka struct <anonymous>}'
 void mostrarProducto(eProducto unProducto[], eTipoProducto unTipo[], char nacionalidad[])
      ^~~~~~~~~~~~~~~
..\src\Producto.c:134:39: error: incompatible type for argument 2 of 'mostrarProducto'
        mostrarProducto(unProducto[i], unTipo[j], nacionalidad);
                                       ^~~~~~
..\src\Producto.c:106:6: note: expected 'eTipoProducto * {aka struct <anonymous> *}' but argument is of type 'eTipoProducto {aka struct <anonymous>}'
 void mostrarProducto(eProducto unProducto[], eTipoProducto unTipo[], char nacionalidad[])
      ^~~~~~~~~~~~~~~
11:07:42 **** Incremental Build of configuration Debug for project clase 10-3 ****
Info: Internal Builder is used for build
gcc -O0 -g3 -Wall -c -fmessage-length=0 -o "src\\Producto.o" "..\\src\\Producto.c" 
..\src\Producto.c: In function 'mostrarVariosProductos':
..\src\Producto.c:134:24: error: incompatible type for argument 1 of 'mostrarProducto'
        mostrarProducto(unProducto[i], unTipo[j], nacionalidad);
                        ^~~~~~~~~~
..\src\Producto.c:106:6: note: expected 'eProducto * {aka struct <anonymous> *}' but argument is of type 'eProducto {aka struct <anonymous>}'
 void mostrarProducto(eProducto unProducto[], eTipoProducto unTipo[], char nacionalidad[])
      ^~~~~~~~~~~~~~~
..\src\Producto.c:134:39: error: incompatible type for argument 2 of 'mostrarProducto'
        mostrarProducto(unProducto[i], unTipo[j], nacionalidad);
                                       ^~~~~~
..\src\Producto.c:106:6: note: expected 'eTipoProducto * {aka struct <anonymous> *}' but argument is of type 'eTipoProducto {aka struct <anonymous>}'
 void mostrarProducto(eProducto unProducto[], eTipoProducto unTipo[], char nacionalidad[])
      ^~~~~~~~~~~~~~~
11:07:47 **** Incremental Build of configuration Debug for project clase 10-3 ****
Info: Internal Builder is used for build
gcc -O0 -g3 -Wall -c -fmessage-length=0 -o "src\\Producto.o" "..\\src\\Producto.c" 
..\src\Producto.c: In function 'mostrarVariosProductos':
..\src\Producto.c:134:24: error: incompatible type for argument 1 of 'mostrarProducto'
        mostrarProducto(unProducto[i], unTipo[j], nacionalidad);
                        ^~~~~~~~~~
..\src\Producto.c:106:6: note: expected 'eProducto * {aka struct <anonymous> *}' but argument is of type 'eProducto {aka struct <anonymous>}'
 void mostrarProducto(eProducto unProducto[], eTipoProducto unTipo[], char nacionalidad[])
      ^~~~~~~~~~~~~~~
..\src\Producto.c:134:39: error: incompatible type for argument 2 of 'mostrarProducto'
        mostrarProducto(unProducto[i], unTipo[j], nacionalidad);
                                       ^~~~~~
..\src\Producto.c:106:6: note: expected 'eTipoProducto * {aka struct <anonymous> *}' but argument is of type 'eTipoProducto {aka struct <anonymous>}'
 void mostrarProducto(eProducto unProducto[], eTipoProducto unTipo[], char nacionalidad[])
      ^~~~~~~~~~~~~~~
11:11:36 **** Incremental Build of configuration Debug for project clase 10-3 ****
Info: Internal Builder is used for build
gcc -O0 -g3 -Wall -c -fmessage-length=0 -o "src\\Producto.o" "..\\src\\Producto.c" 
..\src\Producto.c: In function 'mostrarVariosProductos':
..\src\Producto.c:134:24: error: incompatible type for argument 1 of 'mostrarProducto'
        mostrarProducto(unProducto[i], unTipo[j], nacionalidad);
                        ^~~~~~~~~~
..\src\Producto.c:106:6: note: expected 'eProducto * {aka struct <anonymous> *}' but argument is of type 'eProducto {aka struct <anonymous>}'
 void mostrarProducto(eProducto unProducto[], eTipoProducto unTipo[], char nacionalidad[])
      ^~~~~~~~~~~~~~~
..\src\Producto.c:134:39: error: incompatible type for argument 2 of 'mostrarProducto'
        mostrarProducto(unProducto[i], unTipo[j], nacionalidad);
                                       ^~~~~~
..\src\Producto.c:106:6: note: expected 'eTipoProducto * {aka struct <anonymous> *}' but argument is of type 'eTipoProducto {aka struct <anonymous>}'
 void mostrarProducto(eProducto unProducto[], eTipoProducto unTipo[], char nacionalidad[])
      ^~~~~~~~~~~~~~~
11:11:53 **** Incremental Build of configuration Debug for project clase 10-3 ****
Info: Internal Builder is used for build
gcc -O0 -g3 -Wall -c -fmessage-length=0 -o "src\\Producto.o" "..\\src\\Producto.c" 
..\src\Producto.c: In function 'mostrarVariosProductos':
..\src\Producto.c:134:24: error: incompatible type for argument 1 of 'mostrarProducto'
        mostrarProducto(unProducto[i], unTipo[j], nacionalidad);
                        ^~~~~~~~~~
..\src\Producto.c:106:6: note: expected 'eProducto * {aka struct <anonymous> *}' but argument is of type 'eProducto {aka struct <anonymous>}'
 void mostrarProducto(eProducto unProducto[], eTipoProducto unTipo[], char nacionalidad[])
      ^~~~~~~~~~~~~~~
..\src\Producto.c:134:39: error: incompatible type for argument 2 of 'mostrarProducto'
        mostrarProducto(unProducto[i], unTipo[j], nacionalidad);
                                       ^~~~~~
..\src\Producto.c:106:6: note: expected 'eTipoProducto * {aka struct <anonymous> *}' but argument is of type 'eTipoProducto {aka struct <anonymous>}'
 void mostrarProducto(eProducto unProducto[], eTipoProducto unTipo[], char nacionalidad[])
      ^~~~~~~~~~~~~~~
11:14:02 **** Incremental Build of configuration Debug for project clase 10-3 ****
Info: Internal Builder is used for build
gcc -O0 -g3 -Wall -c -fmessage-length=0 -o "src\\Producto.o" "..\\src\\Producto.c" 
..\src\Producto.c: In function 'mostrarVariosProductos':
..\src\Producto.c:134:24: error: incompatible type for argument 1 of 'mostrarProducto'
        mostrarProducto(unProducto[i], unTipo[j], nacionalidad);
                        ^~~~~~~~~~
..\src\Producto.c:106:6: note: expected 'eProducto * {aka struct <anonymous> *}' but argument is of type 'eProducto {aka struct <anonymous>}'
 void mostrarProducto(eProducto unProducto[], eTipoProducto unTipo[], char nacionalidad[])
      ^~~~~~~~~~~~~~~
..\src\Producto.c:134:39: error: incompatible type for argument 2 of 'mostrarProducto'
        mostrarProducto(unProducto[i], unTipo[j], nacionalidad);
                                       ^~~~~~
..\src\Producto.c:106:6: note: expected 'eTipoProducto * {aka struct <anonymous> *}' but argument is of type 'eTipoProducto {aka struct <anonymous>}'
 void mostrarProducto(eProducto unProducto[], eTipoProducto unTipo[], char nacionalidad[])
      ^~~~~~~~~~~~~~~
11:15:03 **** Incremental Build of configuration Debug for project clase 10-3 ****
Info: Internal Builder is used for build
gcc -O0 -g3 -Wall -c -fmessage-length=0 -o "src\\Producto.o" "..\\src\\Producto.c" 
..\src\Producto.c:106:6: error: conflicting types for 'mostrarProducto'
 void mostrarProducto(eProducto unProducto, eTipoProducto unTipo, char nacionalidad[])
      ^~~~~~~~~~~~~~~
In file included from ..\src\Producto.c:3:0:
..\src\Producto.h:53:6: note: previous declaration of 'mostrarProducto' was here
 void mostrarProducto(eProducto unProducto[], eTipoProducto unTipo[], char nacionalidad[]);
      ^~~~~~~~~~~~~~~
11:15:14 **** Incremental Build of configuration Debug for project clase 10-3 ****
Info: Internal Builder is used for build
gcc -O0 -g3 -Wall -c -fmessage-length=0 -o "src\\Producto.o" "..\\src\\Producto.c" 
..\src\Producto.c:106:6: error: conflicting types for 'mostrarProducto'
 void mostrarProducto(eProducto unProducto, eTipoProducto unTipo, char nacionalidad[])
      ^~~~~~~~~~~~~~~
In file included from ..\src\Producto.c:3:0:
..\src\Producto.h:53:6: note: previous declaration of 'mostrarProducto' was here
 void mostrarProducto(eProducto unProducto[], eTipoProducto unTipo[], char nacionalidad[]);
      ^~~~~~~~~~~~~~~
..\src\Producto.c: In function 'mostrarProducto':
..\src\Producto.c:109:3: error: void value not ignored as it ought to be
  *verificacionNacionalidad(unProducto.nacionalidad, nacionalidad);
   ^~~~~~~~~~~~~~~~~~~~~~~~~~~~~~~~~~~~~~~~~~~~~~~~~~~~~~~~~~~~~~~
..\src\Producto.c:117:1: error: expected expression before '}' token
 }
 ^
11:15:26 **** Incremental Build of configuration Debug for project clase 10-3 ****
Info: Internal Builder is used for build
gcc -O0 -g3 -Wall -c -fmessage-length=0 -o "src\\Producto.o" "..\\src\\Producto.c" 
..\src\Producto.c:106:6: error: conflicting types for 'mostrarProducto'
 void mostrarProducto(eProducto unProducto, eTipoProducto unTipo, char nacionalidad[])
      ^~~~~~~~~~~~~~~
In file included from ..\src\Producto.c:3:0:
..\src\Producto.h:53:6: note: previous declaration of 'mostrarProducto' was here
 void mostrarProducto(eProducto unProducto[], eTipoProducto unTipo[], char nacionalidad[]);
      ^~~~~~~~~~~~~~~
..\src\Producto.c: In function 'mostrarProducto':
..\src\Producto.c:117:1: error: expected expression before '}' token
 }
 ^
11:15:53 **** Incremental Build of configuration Debug for project clase 10-3 ****
Info: Internal Builder is used for build
gcc -O0 -g3 -Wall -c -fmessage-length=0 -o "src\\Producto.o" "..\\src\\Producto.c" 
..\src\Producto.c: In function 'mostrarProducto':
..\src\Producto.c:117:1: error: expected expression before '}' token
 }
 ^
11:16:17 **** Incremental Build of configuration Debug for project clase 10-3 ****
Info: Internal Builder is used for build
gcc -O0 -g3 -Wall -c -fmessage-length=0 -o "src\\clase 10-3.o" "..\\src\\clase 10-3.c" 
..\src\clase 10-3.c: In function 'main':
..\src\clase 10-3.c:80:6: warning: unused variable 'contador' [-Wunused-variable]
  int contador[4] = {};
      ^~~~~~~~
..\src\clase 10-3.c:79:8: warning: unused variable 'promedio' [-Wunused-variable]
  float promedio[4] = {};
        ^~~~~~~~
..\src\clase 10-3.c:78:8: warning: variable 'precioMenor' set but not used [-Wunused-but-set-variable]
  float precioMenor;
        ^~~~~~~~~~~
..\src\clase 10-3.c:77:8: warning: variable 'precioMayor' set but not used [-Wunused-but-set-variable]
  float precioMayor;
        ^~~~~~~~~~~
gcc -O0 -g3 -Wall -c -fmessage-length=0 -o "src\\Producto.o" "..\\src\\Producto.c" 
gcc -o "clase 10-3.exe" "src\\IngresarDatos.o" "src\\OtrasFunciones.o" "src\\Producto.o" "src\\TipoProducto.o" "src\\clase 10-3.o" 
11:16:37 **** Incremental Build of configuration Debug for project clase 10-3 ****
Info: Internal Builder is used for build
gcc -O0 -g3 -Wall -c -fmessage-length=0 -o "src\\clase 10-3.o" "..\\src\\clase 10-3.c" 
gcc -o "clase 10-3.exe" "src\\IngresarDatos.o" "src\\OtrasFunciones.o" "src\\Producto.o" "src\\TipoProducto.o" "src\\clase 10-3.o" 
Info: Nothing to build for clase 10-3
11:18:53 **** Incremental Build of configuration Debug for project clase 10-3 ****
Info: Internal Builder is used for build
gcc -O0 -g3 -Wall -c -fmessage-length=0 -o "src\\Producto.o" "..\\src\\Producto.c" 
gcc -o "clase 10-3.exe" "src\\IngresarDatos.o" "src\\OtrasFunciones.o" "src\\Producto.o" "src\\TipoProducto.o" "src\\clase 10-3.o" 
11:19:45 **** Incremental Build of configuration Debug for project clase 10-3 ****
Info: Internal Builder is used for build
gcc -O0 -g3 -Wall -c -fmessage-length=0 -o "src\\clase 10-3.o" "..\\src\\clase 10-3.c" 
gcc -o "clase 10-3.exe" "src\\IngresarDatos.o" "src\\OtrasFunciones.o" "src\\Producto.o" "src\\TipoProducto.o" "src\\clase 10-3.o" 
11:29:49 **** Incremental Build of configuration Debug for project clase 10-3 ****
Info: Internal Builder is used for build
gcc -O0 -g3 -Wall -c -fmessage-length=0 -o "src\\Producto.o" "..\\src\\Producto.c" 
..\src\Producto.c: In function 'mostrarProductosCaros':
..\src\Producto.c:292:56: warning: passing argument 3 of 'mostrarUnProductoPorPrecio' from incompatible pointer type [-Wincompatible-pointer-types]
  retorno = mostrarUnProductoPorPrecio(unProducto, tam, nacionalidad, precioMayor);
                                                        ^~~~~~~~~~~~
In file included from ..\src\Producto.c:3:0:
..\src\Producto.h:146:5: note: expected 'eTipoProducto * {aka struct <anonymous> *}' but argument is of type 'char *'
 int mostrarUnProductoPorPrecio(eProducto unProducto[], int tam, eTipoProducto unTipo[], int tamTip, float precioMayor, char nacionalidad[]);
     ^~~~~~~~~~~~~~~~~~~~~~~~~~
..\src\Producto.c:292:12: error: too few arguments to function 'mostrarUnProductoPorPrecio'
  retorno = mostrarUnProductoPorPrecio(unProducto, tam, nacionalidad, precioMayor);
            ^~~~~~~~~~~~~~~~~~~~~~~~~~
In file included from ..\src\Producto.c:3:0:
..\src\Producto.h:146:5: note: declared here
 int mostrarUnProductoPorPrecio(eProducto unProducto[], int tam, eTipoProducto unTipo[], int tamTip, float precioMayor, char nacionalidad[]);
     ^~~~~~~~~~~~~~~~~~~~~~~~~~
11:30:58 **** Incremental Build of configuration Debug for project clase 10-3 ****
Info: Internal Builder is used for build
gcc -O0 -g3 -Wall -c -fmessage-length=0 -o "src\\clase 10-3.o" "..\\src\\clase 10-3.c" 
..\src\clase 10-3.c: In function 'main':
..\src\clase 10-3.c:125:55: error: 'precioMayor' undeclared (first use in this function)
    estado = mostrarProductosCaros(listaProducto, TAM, precioMayor, cadena[0]);
                                                       ^~~~~~~~~~~
..\src\clase 10-3.c:125:55: note: each undeclared identifier is reported only once for each function it appears in
..\src\clase 10-3.c:125:68: warning: passing argument 4 of 'mostrarProductosCaros' makes integer from pointer without a cast [-Wint-conversion]
    estado = mostrarProductosCaros(listaProducto, TAM, precioMayor, cadena[0]);
                                                                    ^~~~~~
In file included from ..\src\clase 10-3.c:61:0:
..\src\Producto.h:135:5: note: expected 'int' but argument is of type 'char *'
 int mostrarProductosCaros(eProducto unProducto[], int tam, eTipoProducto unTipo[], int tamTip, float precioMayor, char nacionalidad[]);
     ^~~~~~~~~~~~~~~~~~~~~
..\src\clase 10-3.c:125:13: error: too few arguments to function 'mostrarProductosCaros'
    estado = mostrarProductosCaros(listaProducto, TAM, precioMayor, cadena[0]);
             ^~~~~~~~~~~~~~~~~~~~~
In file included from ..\src\clase 10-3.c:61:0:
..\src\Producto.h:135:5: note: declared here
 int mostrarProductosCaros(eProducto unProducto[], int tam, eTipoProducto unTipo[], int tamTip, float precioMayor, char nacionalidad[]);
     ^~~~~~~~~~~~~~~~~~~~~
11:32:08 **** Incremental Build of configuration Debug for project clase 10-3 ****
Info: Internal Builder is used for build
gcc -O0 -g3 -Wall -c -fmessage-length=0 -o "src\\clase 10-3.o" "..\\src\\clase 10-3.c" 
gcc -O0 -g3 -Wall -c -fmessage-length=0 -o "src\\Producto.o" "..\\src\\Producto.c" 
gcc -o "clase 10-3.exe" "src\\IngresarDatos.o" "src\\OtrasFunciones.o" "src\\Producto.o" "src\\TipoProducto.o" "src\\clase 10-3.o" 
11:33:29 **** Incremental Build of configuration Debug for project clase 10-3 ****
Info: Internal Builder is used for build
gcc -O0 -g3 -Wall -c -fmessage-length=0 -o "src\\Producto.o" "..\\src\\Producto.c" 
gcc -o "clase 10-3.exe" "src\\IngresarDatos.o" "src\\OtrasFunciones.o" "src\\Producto.o" "src\\TipoProducto.o" "src\\clase 10-3.o" 
11:34:27 **** Incremental Build of configuration Debug for project clase 10-3 ****
Info: Internal Builder is used for build
gcc -O0 -g3 -Wall -c -fmessage-length=0 -o "src\\Producto.o" "..\\src\\Producto.c" 
gcc -o "clase 10-3.exe" "src\\IngresarDatos.o" "src\\OtrasFunciones.o" "src\\Producto.o" "src\\TipoProducto.o" "src\\clase 10-3.o" 
11:35:13 **** Incremental Build of configuration Debug for project clase 10-3 ****
Info: Internal Builder is used for build
gcc -O0 -g3 -Wall -c -fmessage-length=0 -o "src\\Producto.o" "..\\src\\Producto.c" 
gcc -o "clase 10-3.exe" "src\\IngresarDatos.o" "src\\OtrasFunciones.o" "src\\Producto.o" "src\\TipoProducto.o" "src\\clase 10-3.o" 
11:35:48 **** Incremental Build of configuration Debug for project clase 10-3 ****
Info: Internal Builder is used for build
gcc -O0 -g3 -Wall -c -fmessage-length=0 -o "src\\Producto.o" "..\\src\\Producto.c" 
gcc -o "clase 10-3.exe" "src\\IngresarDatos.o" "src\\OtrasFunciones.o" "src\\Producto.o" "src\\TipoProducto.o" "src\\clase 10-3.o" 
11:37:04 **** Incremental Build of configuration Debug for project clase 10-3 ****
Info: Internal Builder is used for build
gcc -O0 -g3 -Wall -c -fmessage-length=0 -o "src\\Producto.o" "..\\src\\Producto.c" 
gcc -o "clase 10-3.exe" "src\\IngresarDatos.o" "src\\OtrasFunciones.o" "src\\Producto.o" "src\\TipoProducto.o" "src\\clase 10-3.o" 
11:37:41 **** Incremental Build of configuration Debug for project clase 10-3 ****
Info: Internal Builder is used for build
gcc -O0 -g3 -Wall -c -fmessage-length=0 -o "src\\Producto.o" "..\\src\\Producto.c" 
gcc -o "clase 10-3.exe" "src\\IngresarDatos.o" "src\\OtrasFunciones.o" "src\\Producto.o" "src\\TipoProducto.o" "src\\clase 10-3.o" 
11:38:28 **** Incremental Build of configuration Debug for project clase 10-3 ****
Info: Internal Builder is used for build
gcc -O0 -g3 -Wall -c -fmessage-length=0 -o "src\\Producto.o" "..\\src\\Producto.c" 
gcc -o "clase 10-3.exe" "src\\IngresarDatos.o" "src\\OtrasFunciones.o" "src\\Producto.o" "src\\TipoProducto.o" "src\\clase 10-3.o" 
Info: Nothing to build for clase 10-3
Info: Nothing to build for clase 10-3
11:40:25 **** Incremental Build of configuration Debug for project clase 10-3 ****
Info: Internal Builder is used for build
gcc -O0 -g3 -Wall -c -fmessage-length=0 -o "src\\clase 10-3.o" "..\\src\\clase 10-3.c" 
gcc -o "clase 10-3.exe" "src\\IngresarDatos.o" "src\\OtrasFunciones.o" "src\\Producto.o" "src\\TipoProducto.o" "src\\clase 10-3.o" 
Info: Nothing to build for clase 10-3
Info: Nothing to build for clase 10-3
18:16:55 **** Incremental Build of configuration Debug for project clase 10-3 ****
Info: Internal Builder is used for build
gcc -O0 -g3 -Wall -c -fmessage-length=0 -o "src\\Producto.o" "..\\src\\Producto.c" 
gcc -o "clase 10-3.exe" "src\\IngresarDatos.o" "src\\OtrasFunciones.o" "src\\Producto.o" "src\\TipoProducto.o" "src\\clase 10-3.o" 
18:17:27 **** Incremental Build of configuration Debug for project clase 10-3 ****
Info: Internal Builder is used for build
gcc -O0 -g3 -Wall -c -fmessage-length=0 -o "src\\Producto.o" "..\\src\\Producto.c" 
gcc -o "clase 10-3.exe" "src\\IngresarDatos.o" "src\\OtrasFunciones.o" "src\\Producto.o" "src\\TipoProducto.o" "src\\clase 10-3.o" 
18:18:06 **** Incremental Build of configuration Debug for project clase 10-3 ****
Info: Internal Builder is used for build
gcc -O0 -g3 -Wall -c -fmessage-length=0 -o "src\\Producto.o" "..\\src\\Producto.c" 
gcc -o "clase 10-3.exe" "src\\IngresarDatos.o" "src\\OtrasFunciones.o" "src\\Producto.o" "src\\TipoProducto.o" "src\\clase 10-3.o" 
18:18:52 **** Incremental Build of configuration Debug for project clase 10-3 ****
Info: Internal Builder is used for build
gcc -O0 -g3 -Wall -c -fmessage-length=0 -o "src\\Producto.o" "..\\src\\Producto.c" 
gcc -o "clase 10-3.exe" "src\\IngresarDatos.o" "src\\OtrasFunciones.o" "src\\Producto.o" "src\\TipoProducto.o" "src\\clase 10-3.o" 
18:21:32 **** Incremental Build of configuration Debug for project clase 10-3 ****
Info: Internal Builder is used for build
gcc -O0 -g3 -Wall -c -fmessage-length=0 -o "src\\Producto.o" "..\\src\\Producto.c" 
gcc -o "clase 10-3.exe" "src\\IngresarDatos.o" "src\\OtrasFunciones.o" "src\\Producto.o" "src\\TipoProducto.o" "src\\clase 10-3.o" 
18:22:01 **** Incremental Build of configuration Debug for project clase 10-3 ****
Info: Internal Builder is used for build
gcc -O0 -g3 -Wall -c -fmessage-length=0 -o "src\\Producto.o" "..\\src\\Producto.c" 
gcc -o "clase 10-3.exe" "src\\IngresarDatos.o" "src\\OtrasFunciones.o" "src\\Producto.o" "src\\TipoProducto.o" "src\\clase 10-3.o" 
18:25:08 **** Incremental Build of configuration Debug for project clase 10-3 ****
Info: Internal Builder is used for build
gcc -O0 -g3 -Wall -c -fmessage-length=0 -o "src\\Producto.o" "..\\src\\Producto.c" 
gcc -O0 -g3 -Wall -c -fmessage-length=0 -o "src\\TipoProducto.o" "..\\src\\TipoProducto.c" 
gcc -O0 -g3 -Wall -c -fmessage-length=0 -o "src\\clase 10-3.o" "..\\src\\clase 10-3.c" 
gcc -o "clase 10-3.exe" "src\\IngresarDatos.o" "src\\OtrasFunciones.o" "src\\Producto.o" "src\\TipoProducto.o" "src\\clase 10-3.o" 
18:33:42 **** Incremental Build of configuration Debug for project clase 10-3 ****
Info: Internal Builder is used for build
gcc -O0 -g3 -Wall -c -fmessage-length=0 -o "src\\TipoProducto.o" "..\\src\\TipoProducto.c" 
gcc -O0 -g3 -Wall -c -fmessage-length=0 -o "src\\Producto.o" "..\\src\\Producto.c" 
..\src\Producto.c: In function 'mostrarVariosProductos':
..\src\Producto.c:133:37: error: incompatible type for argument 2 of 'mostrarProducto'
      mostrarProducto(unProducto[i], id, nacionalidad);
                                     ^~
..\src\Producto.c:106:6: note: expected 'eTipoProducto {aka struct <anonymous>}' but argument is of type 'int'
 void mostrarProducto(eProducto unProducto, eTipoProducto unTipo, char nacionalidad[])
      ^~~~~~~~~~~~~~~
18:35:59 **** Incremental Build of configuration Debug for project clase 10-3 ****
Info: Internal Builder is used for build
gcc -O0 -g3 -Wall -c -fmessage-length=0 -o "src\\Producto.o" "..\\src\\Producto.c" 
..\src\Producto.c: In function 'mostrarVariosProductos':
..\src\Producto.c:130:61: error: 'id' undeclared (first use in this function)
     if(verificarTipo(unTipo, tamTip, unProducto[i].tipo) == id)
                                                             ^~
..\src\Producto.c:130:61: note: each undeclared identifier is reported only once for each function it appears in
18:39:31 **** Incremental Build of configuration Debug for project clase 10-3 ****
Info: Internal Builder is used for build
gcc -O0 -g3 -Wall -c -fmessage-length=0 -o "src\\Producto.o" "..\\src\\Producto.c" 
gcc -O0 -g3 -Wall -c -fmessage-length=0 -o "src\\TipoProducto.o" "..\\src\\TipoProducto.c" 
gcc -o "clase 10-3.exe" "src\\IngresarDatos.o" "src\\OtrasFunciones.o" "src\\Producto.o" "src\\TipoProducto.o" "src\\clase 10-3.o" 
18:40:03 **** Incremental Build of configuration Debug for project clase 10-3 ****
Info: Internal Builder is used for build
gcc -O0 -g3 -Wall -c -fmessage-length=0 -o "src\\Producto.o" "..\\src\\Producto.c" 
gcc -o "clase 10-3.exe" "src\\IngresarDatos.o" "src\\OtrasFunciones.o" "src\\Producto.o" "src\\TipoProducto.o" "src\\clase 10-3.o" 
Info: Nothing to build for clase 10-3
18:40:55 **** Incremental Build of configuration Debug for project clase 10-3 ****
Info: Internal Builder is used for build
gcc -O0 -g3 -Wall -c -fmessage-length=0 -o "src\\Producto.o" "..\\src\\Producto.c" 
gcc -o "clase 10-3.exe" "src\\IngresarDatos.o" "src\\OtrasFunciones.o" "src\\Producto.o" "src\\TipoProducto.o" "src\\clase 10-3.o" 
Info: Nothing to build for clase 10-3
Info: Nothing to build for clase 10-3
18:43:22 **** Incremental Build of configuration Debug for project clase 10-3 ****
Info: Internal Builder is used for build
gcc -O0 -g3 -Wall -c -fmessage-length=0 -o "src\\clase 10-3.o" "..\\src\\clase 10-3.c" 
..\src\clase 10-3.c: In function 'main':
..\src\clase 10-3.c:76:14: error: 'CANTIDAD_C1ADENA' undeclared (first use in this function)
  char cadena[CANTIDAD_C1ADENA][CARACTERES];
              ^~~~~~~~~~~~~~~~
..\src\clase 10-3.c:76:14: note: each undeclared identifier is reported only once for each function it appears in
..\src\clase 10-3.c:76:7: warning: unused variable 'cadena' [-Wunused-variable]
  char cadena[CANTIDAD_C1ADENA][CARACTERES];
       ^~~~~~
18:43:37 **** Incremental Build of configuration Debug for project clase 10-3 ****
Info: Internal Builder is used for build
gcc -O0 -g3 -Wall -c -fmessage-length=0 -o "src\\clase 10-3.o" "..\\src\\clase 10-3.c" 
gcc -o "clase 10-3.exe" "src\\IngresarDatos.o" "src\\OtrasFunciones.o" "src\\Producto.o" "src\\TipoProducto.o" "src\\clase 10-3.o" 
Info: Nothing to build for clase 10-3
18:44:52 **** Incremental Build of configuration Debug for project clase 10-3 ****
Info: Internal Builder is used for build
gcc -O0 -g3 -Wall -c -fmessage-length=0 -o "src\\Producto.o" "..\\src\\Producto.c" 
gcc -o "clase 10-3.exe" "src\\IngresarDatos.o" "src\\OtrasFunciones.o" "src\\Producto.o" "src\\TipoProducto.o" "src\\clase 10-3.o" 
Info: Nothing to build for clase 10-3
18:46:07 **** Incremental Build of configuration Debug for project clase 10-3 ****
Info: Internal Builder is used for build
gcc -O0 -g3 -Wall -c -fmessage-length=0 -o "src\\Producto.o" "..\\src\\Producto.c" 
gcc -o "clase 10-3.exe" "src\\IngresarDatos.o" "src\\OtrasFunciones.o" "src\\Producto.o" "src\\TipoProducto.o" "src\\clase 10-3.o" 
18:47:58 **** Incremental Build of configuration Debug for project clase 10-3 ****
Info: Internal Builder is used for build
gcc -O0 -g3 -Wall -c -fmessage-length=0 -o "src\\Producto.o" "..\\src\\Producto.c" 
gcc -o "clase 10-3.exe" "src\\IngresarDatos.o" "src\\OtrasFunciones.o" "src\\Producto.o" "src\\TipoProducto.o" "src\\clase 10-3.o" 
18:50:00 **** Incremental Build of configuration Debug for project clase 10-3 ****
Info: Internal Builder is used for build
gcc -O0 -g3 -Wall -c -fmessage-length=0 -o "src\\Producto.o" "..\\src\\Producto.c" 
gcc -o "clase 10-3.exe" "src\\IngresarDatos.o" "src\\OtrasFunciones.o" "src\\Producto.o" "src\\TipoProducto.o" "src\\clase 10-3.o" 
18:51:23 **** Incremental Build of configuration Debug for project clase 10-3 ****
Info: Internal Builder is used for build
gcc -O0 -g3 -Wall -c -fmessage-length=0 -o "src\\clase 10-3.o" "..\\src\\clase 10-3.c" 
..\src\clase 10-3.c:62:0: warning: "TAM" redefined
 #define TAM 1
 
In file included from ..\src\clase 10-3.c:61:0:
..\src\Producto.h:12:0: note: this is the location of the previous definition
 #define TAM 5
 
gcc -o "clase 10-3.exe" "src\\IngresarDatos.o" "src\\OtrasFunciones.o" "src\\Producto.o" "src\\TipoProducto.o" "src\\clase 10-3.o" 
18:51:41 **** Incremental Build of configuration Debug for project clase 10-3 ****
Info: Internal Builder is used for build
gcc -O0 -g3 -Wall -c -fmessage-length=0 -o "src\\clase 10-3.o" "..\\src\\clase 10-3.c" 
..\src\clase 10-3.c:62:0: warning: "TAM" redefined
 #define TAM 1
 
In file included from ..\src\clase 10-3.c:61:0:
..\src\Producto.h:12:0: note: this is the location of the previous definition
 #define TAM 5
 
gcc -o "clase 10-3.exe" "src\\IngresarDatos.o" "src\\OtrasFunciones.o" "src\\Producto.o" "src\\TipoProducto.o" "src\\clase 10-3.o" 
Info: Nothing to build for clase 10-3
18:52:06 **** Incremental Build of configuration Debug for project clase 10-3 ****
Info: Internal Builder is used for build
gcc -O0 -g3 -Wall -c -fmessage-length=0 -o "src\\clase 10-3.o" "..\\src\\clase 10-3.c" 
gcc -O0 -g3 -Wall -c -fmessage-length=0 -o "src\\Producto.o" "..\\src\\Producto.c" 
gcc -o "clase 10-3.exe" "src\\IngresarDatos.o" "src\\OtrasFunciones.o" "src\\Producto.o" "src\\TipoProducto.o" "src\\clase 10-3.o" 
Info: Nothing to build for clase 10-3
18:52:46 **** Incremental Build of configuration Debug for project clase 10-3 ****
Info: Internal Builder is used for build
gcc -O0 -g3 -Wall -c -fmessage-length=0 -o "src\\clase 10-3.o" "..\\src\\clase 10-3.c" 
gcc -O0 -g3 -Wall -c -fmessage-length=0 -o "src\\Producto.o" "..\\src\\Producto.c" 
gcc -o "clase 10-3.exe" "src\\IngresarDatos.o" "src\\OtrasFunciones.o" "src\\Producto.o" "src\\TipoProducto.o" "src\\clase 10-3.o" 
Info: Nothing to build for clase 10-3
19:00:27 **** Incremental Build of configuration Debug for project clase 10-3 ****
Info: Internal Builder is used for build
gcc -O0 -g3 -Wall -c -fmessage-length=0 -o "src\\clase 10-3.o" "..\\src\\clase 10-3.c" 
..\src\clase 10-3.c: In function 'main':
..\src\clase 10-3.c:80:6: warning: unused variable 'contador' [-Wunused-variable]
  int contador[TAM_TIPO] = {};
      ^~~~~~~~
..\src\clase 10-3.c:79:8: warning: unused variable 'promedio' [-Wunused-variable]
  float promedio[TAM_TIPO];
        ^~~~~~~~
gcc -O0 -g3 -Wall -c -fmessage-length=0 -o "src\\Producto.o" "..\\src\\Producto.c" 
gcc -o "clase 10-3.exe" "src\\IngresarDatos.o" "src\\OtrasFunciones.o" "src\\Producto.o" "src\\TipoProducto.o" "src\\clase 10-3.o" 
19:01:55 **** Incremental Build of configuration Debug for project clase 10-3 ****
Info: Internal Builder is used for build
gcc -O0 -g3 -Wall -c -fmessage-length=0 -o "src\\clase 10-3.o" "..\\src\\clase 10-3.c" 
gcc -O0 -g3 -Wall -c -fmessage-length=0 -o "src\\Producto.o" "..\\src\\Producto.c" 
gcc -o "clase 10-3.exe" "src\\IngresarDatos.o" "src\\OtrasFunciones.o" "src\\Producto.o" "src\\TipoProducto.o" "src\\clase 10-3.o" 
19:04:49 **** Incremental Build of configuration Debug for project clase 10-3 ****
Info: Internal Builder is used for build
gcc -O0 -g3 -Wall -c -fmessage-length=0 -o "src\\clase 10-3.o" "..\\src\\clase 10-3.c" 
gcc -O0 -g3 -Wall -c -fmessage-length=0 -o "src\\Producto.o" "..\\src\\Producto.c" 
gcc -o "clase 10-3.exe" "src\\IngresarDatos.o" "src\\OtrasFunciones.o" "src\\Producto.o" "src\\TipoProducto.o" "src\\clase 10-3.o" 
19:11:27 **** Incremental Build of configuration Debug for project clase 10-3 ****
Info: Internal Builder is used for build
gcc -O0 -g3 -Wall -c -fmessage-length=0 -o "src\\clase 10-3.o" "..\\src\\clase 10-3.c" 
gcc -O0 -g3 -Wall -c -fmessage-length=0 -o "src\\Producto.o" "..\\src\\Producto.c" 
gcc -o "clase 10-3.exe" "src\\IngresarDatos.o" "src\\OtrasFunciones.o" "src\\Producto.o" "src\\TipoProducto.o" "src\\clase 10-3.o" 
19:12:56 **** Incremental Build of configuration Debug for project clase 10-3 ****
Info: Internal Builder is used for build
gcc -O0 -g3 -Wall -c -fmessage-length=0 -o "src\\Producto.o" "..\\src\\Producto.c" 
gcc -o "clase 10-3.exe" "src\\IngresarDatos.o" "src\\OtrasFunciones.o" "src\\Producto.o" "src\\TipoProducto.o" "src\\clase 10-3.o" 
19:15:08 **** Incremental Build of configuration Debug for project clase 10-3 ****
Info: Internal Builder is used for build
gcc -O0 -g3 -Wall -c -fmessage-length=0 -o "src\\Producto.o" "..\\src\\Producto.c" 
gcc -o "clase 10-3.exe" "src\\IngresarDatos.o" "src\\OtrasFunciones.o" "src\\Producto.o" "src\\TipoProducto.o" "src\\clase 10-3.o" 
19:17:09 **** Incremental Build of configuration Debug for project clase 10-3 ****
Info: Internal Builder is used for build
gcc -O0 -g3 -Wall -c -fmessage-length=0 -o "src\\Producto.o" "..\\src\\Producto.c" 
gcc -o "clase 10-3.exe" "src\\IngresarDatos.o" "src\\OtrasFunciones.o" "src\\Producto.o" "src\\TipoProducto.o" "src\\clase 10-3.o" 
19:17:32 **** Incremental Build of configuration Debug for project clase 10-3 ****
Info: Internal Builder is used for build
gcc -O0 -g3 -Wall -c -fmessage-length=0 -o "src\\Producto.o" "..\\src\\Producto.c" 
..\src\Producto.c: In function 'calcularPrecioPromedioDeTipo':
..\src\Producto.c:329:6: error: variable-sized object may not be initialized
      int contador[tamTip]={};
      ^~~
..\src\Producto.c:330:6: error: variable-sized object may not be initialized
      float acumulador[tamTip]={};
      ^~~~~
19:18:20 **** Incremental Build of configuration Debug for project clase 10-3 ****
Info: Internal Builder is used for build
gcc -O0 -g3 -Wall -c -fmessage-length=0 -o "src\\Producto.o" "..\\src\\Producto.c" 
..\src\Producto.c: In function 'calcularPrecioPromedioDeTipo':
..\src\Producto.c:329:6: error: variable-sized object may not be initialized
      int contador[tamTip]={};
      ^~~
..\src\Producto.c:330:6: error: variable-sized object may not be initialized
      float acumulador[tamTip]={};
      ^~~~~
19:19:34 **** Incremental Build of configuration Debug for project clase 10-3 ****
Info: Internal Builder is used for build
gcc -O0 -g3 -Wall -c -fmessage-length=0 -o "src\\Producto.o" "..\\src\\Producto.c" 
gcc -O0 -g3 -Wall -c -fmessage-length=0 -o "src\\clase 10-3.o" "..\\src\\clase 10-3.c" 
..\src\clase 10-3.c: In function 'main':
..\src\clase 10-3.c:130:73: error: expected expression before 'int'
    estado = calcularPrecioPromedioDeTipo(listaProducto, TAM, listaTipo, int TAM_TIPO);
                                                                         ^~~
19:19:48 **** Incremental Build of configuration Debug for project clase 10-3 ****
Info: Internal Builder is used for build
gcc -O0 -g3 -Wall -c -fmessage-length=0 -o "src\\clase 10-3.o" "..\\src\\clase 10-3.c" 
..\src\clase 10-3.c: In function 'main':
..\src\clase 10-3.c:130:73: error: expected expression before 'int'
    estado = calcularPrecioPromedioDeTipo(listaProducto, TAM, listaTipo, int TAM_TIO);
                                                                         ^~~
19:19:58 **** Incremental Build of configuration Debug for project clase 10-3 ****
Info: Internal Builder is used for build
gcc -O0 -g3 -Wall -c -fmessage-length=0 -o "src\\clase 10-3.o" "..\\src\\clase 10-3.c" 
..\src\clase 10-3.c: In function 'main':
..\src\clase 10-3.c:130:73: error: expected expression before 'int'
    estado = calcularPrecioPromedioDeTipo(listaProducto, TAM, listaTipo, int TAM_TIPO);
                                                                         ^~~
19:20:18 **** Incremental Build of configuration Debug for project clase 10-3 ****
Info: Internal Builder is used for build
gcc -O0 -g3 -Wall -c -fmessage-length=0 -o "src\\Producto.o" "..\\src\\Producto.c" 
..\src\Producto.c: In function 'calcularPrecioPromedioDeTipo':
..\src\Producto.c:329:6: error: variable-sized object may not be initialized
      int contador[tamTip]={};
      ^~~
..\src\Producto.c:330:6: error: variable-sized object may not be initialized
      float acumulador[tamTip]={};
      ^~~~~
19:21:06 **** Incremental Build of configuration Debug for project clase 10-3 ****
Info: Internal Builder is used for build
gcc -O0 -g3 -Wall -c -fmessage-length=0 -o "src\\clase 10-3.o" "..\\src\\clase 10-3.c" 
gcc -O0 -g3 -Wall -c -fmessage-length=0 -o "src\\Producto.o" "..\\src\\Producto.c" 
..\src\Producto.c: In function 'calcularPrecioPromedioDeTipo':
..\src\Producto.c:329:6: error: variable-sized object may not be initialized
      int contador[(int)tamTip]={};
      ^~~
..\src\Producto.c:330:6: error: variable-sized object may not be initialized
      float acumulador[(int)tamTip]={};
      ^~~~~
19:21:26 **** Incremental Build of configuration Debug for project clase 10-3 ****
Info: Internal Builder is used for build
gcc -O0 -g3 -Wall -c -fmessage-length=0 -o "src\\Producto.o" "..\\src\\Producto.c" 
gcc -o "clase 10-3.exe" "src\\IngresarDatos.o" "src\\OtrasFunciones.o" "src\\Producto.o" "src\\TipoProducto.o" "src\\clase 10-3.o" 
Info: Nothing to build for clase 10-3
19:22:38 **** Incremental Build of configuration Debug for project clase 10-3 ****
Info: Internal Builder is used for build
gcc -O0 -g3 -Wall -c -fmessage-length=0 -o "src\\Producto.o" "..\\src\\Producto.c" 
gcc -o "clase 10-3.exe" "src\\IngresarDatos.o" "src\\OtrasFunciones.o" "src\\Producto.o" "src\\TipoProducto.o" "src\\clase 10-3.o" 
Info: Nothing to build for clase 10-3
19:22:56 **** Incremental Build of configuration Debug for project clase 10-3 ****
Info: Internal Builder is used for build
gcc -O0 -g3 -Wall -c -fmessage-length=0 -o "src\\Producto.o" "..\\src\\Producto.c" 
gcc -o "clase 10-3.exe" "src\\IngresarDatos.o" "src\\OtrasFunciones.o" "src\\Producto.o" "src\\TipoProducto.o" "src\\clase 10-3.o" 
19:24:17 **** Incremental Build of configuration Debug for project clase 10-3 ****
Info: Internal Builder is used for build
gcc -O0 -g3 -Wall -c -fmessage-length=0 -o "src\\Producto.o" "..\\src\\Producto.c" 
..\src\Producto.c: In function 'calcularPrecioPromedioDeTipo':
..\src\Producto.c:345:27: error: subscripted value is neither array nor pointer nor vector
                   contador[j]++;
                           ^
..\src\Producto.c:346:29: error: subscripted value is neither array nor pointer nor vector
                   acumulador[j] += unProducto[i].precio;
                             ^
..\src\Producto.c:360:22: error: subscripted value is neither array nor pointer nor vector
           if(contador[i] != 0)
                      ^
..\src\Producto.c:362:23: error: subscripted value is neither array nor pointer nor vector
               promedio[i] = acumulador[i] / contador[i];
                       ^
..\src\Producto.c:362:39: error: subscripted value is neither array nor pointer nor vector
               promedio[i] = acumulador[i] / contador[i];
                                       ^
..\src\Producto.c:362:53: error: subscripted value is neither array nor pointer nor vector
               promedio[i] = acumulador[i] / contador[i];
                                                     ^
..\src\Producto.c:368:19: error: subscripted value is neither array nor pointer nor vector
        if(contador[i] != 0)
                   ^
..\src\Producto.c:370:84: error: subscripted value is neither array nor pointer nor vector
         printf("El promedio de %s es: %.2f \n", unTipo[i].descripcionTipo, promedio[i]);
                                                                                    ^
..\src\Producto.c:331:12: warning: variable 'promedio' set but not used [-Wunused-but-set-variable]
      float promedio;
            ^~~~~~~~
..\src\Producto.c:330:12: warning: variable 'acumulador' set but not used [-Wunused-but-set-variable]
      float acumulador;
            ^~~~~~~~~~
..\src\Producto.c:329:10: warning: variable 'contador' set but not used [-Wunused-but-set-variable]
      int contador;
          ^~~~~~~~
19:24:40 **** Incremental Build of configuration Debug for project clase 10-3 ****
Info: Internal Builder is used for build
gcc -O0 -g3 -Wall -c -fmessage-length=0 -o "src\\Producto.o" "..\\src\\Producto.c" 
..\src\Producto.c: In function 'calcularPrecioPromedioDeTipo':
..\src\Producto.c:334:15: error: assignment to expression with array type
      contador = 0;
               ^
..\src\Producto.c:335:17: error: assignment to expression with array type
      acumulador = 0;
                 ^
19:25:07 **** Incremental Build of configuration Debug for project clase 10-3 ****
Info: Internal Builder is used for build
gcc -O0 -g3 -Wall -c -fmessage-length=0 -o "src\\Producto.o" "..\\src\\Producto.c" 
..\src\Producto.c: In function 'calcularPrecioPromedioDeTipo':
..\src\Producto.c:329:6: error: variable-sized object may not be initialized
      int contador[tamTip] = {};
      ^~~
..\src\Producto.c:330:6: error: variable-sized object may not be initialized
      float acumulador[tamTip] = {};
      ^~~~~
..\src\Producto.c:331:6: error: variable-sized object may not be initialized
      float promedio[tamTip] = {};
      ^~~~~
19:27:52 **** Incremental Build of configuration Debug for project clase 10-3 ****
Info: Internal Builder is used for build
gcc -O0 -g3 -Wall -c -fmessage-length=0 -o "src\\clase 10-3.o" "..\\src\\clase 10-3.c" 
gcc -O0 -g3 -Wall -c -fmessage-length=0 -o "src\\Producto.o" "..\\src\\Producto.c" 
gcc -o "clase 10-3.exe" "src\\IngresarDatos.o" "src\\OtrasFunciones.o" "src\\Producto.o" "src\\TipoProducto.o" "src\\clase 10-3.o" 
19:28:47 **** Incremental Build of configuration Debug for project clase 10-3 ****
Info: Internal Builder is used for build
gcc -O0 -g3 -Wall -c -fmessage-length=0 -o "src\\clase 10-3.o" "..\\src\\clase 10-3.c" 
..\src\clase 10-3.c:62:0: warning: "TAM" redefined
 #define TAM 5
 
In file included from ..\src\clase 10-3.c:61:0:
..\src\Producto.h:12:0: note: this is the location of the previous definition
 #define TAM 2
 
gcc -o "clase 10-3.exe" "src\\IngresarDatos.o" "src\\OtrasFunciones.o" "src\\Producto.o" "src\\TipoProducto.o" "src\\clase 10-3.o" 
19:29:11 **** Incremental Build of configuration Debug for project clase 10-3 ****
Info: Internal Builder is used for build
gcc -O0 -g3 -Wall -c -fmessage-length=0 -o "src\\Producto.o" "..\\src\\Producto.c" 
gcc -O0 -g3 -Wall -c -fmessage-length=0 -o "src\\clase 10-3.o" "..\\src\\clase 10-3.c" 
gcc -o "clase 10-3.exe" "src\\IngresarDatos.o" "src\\OtrasFunciones.o" "src\\Producto.o" "src\\TipoProducto.o" "src\\clase 10-3.o" 
Info: Nothing to build for clase 10-3
19:39:07 **** Incremental Build of configuration Debug for project clase 10-3 ****
Info: Internal Builder is used for build
gcc -O0 -g3 -Wall -c -fmessage-length=0 -o "src\\Producto.o" "..\\src\\Producto.c" 
..\src\Producto.c:375:1: error: expected identifier or '(' before '{' token
 {
 ^
19:39:38 **** Incremental Build of configuration Debug for project clase 10-3 ****
Info: Internal Builder is used for build
gcc -O0 -g3 -Wall -c -fmessage-length=0 -o "src\\Producto.o" "..\\src\\Producto.c" 
gcc -O0 -g3 -Wall -c -fmessage-length=0 -o "src\\clase 10-3.o" "..\\src\\clase 10-3.c" 
gcc -o "clase 10-3.exe" "src\\IngresarDatos.o" "src\\OtrasFunciones.o" "src\\Producto.o" "src\\TipoProducto.o" "src\\clase 10-3.o" 
19:42:28 **** Incremental Build of configuration Debug for project clase 10-3 ****
Info: Internal Builder is used for build
gcc -O0 -g3 -Wall -c -fmessage-length=0 -o "src\\Producto.o" "..\\src\\Producto.c" 
gcc -O0 -g3 -Wall -c -fmessage-length=0 -o "src\\TipoProducto.o" "..\\src\\TipoProducto.c" 
gcc -o "clase 10-3.exe" "src\\IngresarDatos.o" "src\\OtrasFunciones.o" "src\\Producto.o" "src\\TipoProducto.o" "src\\clase 10-3.o" 
19:44:39 **** Incremental Build of configuration Debug for project clase 10-3 ****
Info: Internal Builder is used for build
gcc -O0 -g3 -Wall -c -fmessage-length=0 -o "src\\clase 10-3.o" "..\\src\\clase 10-3.c" 
gcc -o "clase 10-3.exe" "src\\IngresarDatos.o" "src\\OtrasFunciones.o" "src\\Producto.o" "src\\TipoProducto.o" "src\\clase 10-3.o" 
Info: Nothing to build for clase 10-3
19:45:03 **** Incremental Build of configuration Debug for project clase 10-3 ****
Info: Internal Builder is used for build
gcc -O0 -g3 -Wall -c -fmessage-length=0 -o "src\\clase 10-3.o" "..\\src\\clase 10-3.c" 
gcc -o "clase 10-3.exe" "src\\IngresarDatos.o" "src\\OtrasFunciones.o" "src\\Producto.o" "src\\TipoProducto.o" "src\\clase 10-3.o" 
19:46:00 **** Incremental Build of configuration Debug for project clase 10-3 ****
Info: Internal Builder is used for build
gcc -O0 -g3 -Wall -c -fmessage-length=0 -o "src\\clase 10-3.o" "..\\src\\clase 10-3.c" 
gcc -O0 -g3 -Wall -c -fmessage-length=0 -o "src\\Producto.o" "..\\src\\Producto.c" 
gcc -o "clase 10-3.exe" "src\\IngresarDatos.o" "src\\OtrasFunciones.o" "src\\Producto.o" "src\\TipoProducto.o" "src\\clase 10-3.o" 
19:46:33 **** Incremental Build of configuration Debug for project clase 10-3 ****
Info: Internal Builder is used for build
gcc -O0 -g3 -Wall -c -fmessage-length=0 -o "src\\clase 10-3.o" "..\\src\\clase 10-3.c" 
..\src\clase 10-3.c: In function 'main':
..\src\clase 10-3.c:125:11: warning: 'precioMayor' may be used uninitialized in this function [-Wmaybe-uninitialized]
    estado = mostrarProductosCaros(listaProducto, TAM, listaTipo, TAM_TIPO, precioMayor, cadena);
    ~~~~~~~^~~~~~~~~~~~~~~~~~~~~~~~~~~~~~~~~~~~~~~~~~~~~~~~~~~~~~~~~~~~~~~~~~~~~~~~~~~~~~~~~~~~~
gcc -o "clase 10-3.exe" "src\\IngresarDatos.o" "src\\OtrasFunciones.o" "src\\Producto.o" "src\\TipoProducto.o" "src\\clase 10-3.o" 
19:46:46 **** Incremental Build of configuration Debug for project clase 10-3 ****
Info: Internal Builder is used for build
gcc -O0 -g3 -Wall -c -fmessage-length=0 -o "src\\clase 10-3.o" "..\\src\\clase 10-3.c" 
gcc -o "clase 10-3.exe" "src\\IngresarDatos.o" "src\\OtrasFunciones.o" "src\\Producto.o" "src\\TipoProducto.o" "src\\clase 10-3.o" 
19:47:17 **** Incremental Build of configuration Debug for project clase 10-3 ****
Info: Internal Builder is used for build
gcc -O0 -g3 -Wall -c -fmessage-length=0 -o "src\\clase 10-3.o" "..\\src\\clase 10-3.c" 
gcc -o "clase 10-3.exe" "src\\IngresarDatos.o" "src\\OtrasFunciones.o" "src\\Producto.o" "src\\TipoProducto.o" "src\\clase 10-3.o" 
Info: Nothing to build for clase 10-3
19:50:46 **** Incremental Build of configuration Debug for project clase 10-3 ****
Info: Internal Builder is used for build
gcc -O0 -g3 -Wall -c -fmessage-length=0 -o "src\\clase 10-3.o" "..\\src\\clase 10-3.c" 
gcc -O0 -g3 -Wall -c -fmessage-length=0 -o "src\\Producto.o" "..\\src\\Producto.c" 
..\src\Producto.c: In function 'mostrarProductosCaros':
..\src\Producto.c:289:12: warning: implicit declaration of function 'mostrarUnProductoPorPrecio' [-Wimplicit-function-declaration]
  retorno = mostrarUnProductoPorPrecio(unProducto, tam, unTipo, tamTip, precioMayor, nacionalidad);
            ^~~~~~~~~~~~~~~~~~~~~~~~~~
gcc -o "clase 10-3.exe" "src\\IngresarDatos.o" "src\\OtrasFunciones.o" "src\\Producto.o" "src\\TipoProducto.o" "src\\clase 10-3.o" 
src\Producto.o: In function `mostrarProductosCaros':
C:\Users\juan\eclipse-workspace\clase 10-3\Debug/../src/Producto.c:289: undefined reference to `mostrarUnProductoPorPrecio'
collect2.exe: error: ld returned 1 exit status
19:51:06 **** Incremental Build of configuration Debug for project clase 10-3 ****
Info: Internal Builder is used for build
gcc -O0 -g3 -Wall -c -fmessage-length=0 -o "src\\Producto.o" "..\\src\\Producto.c" 
gcc -o "clase 10-3.exe" "src\\IngresarDatos.o" "src\\OtrasFunciones.o" "src\\Producto.o" "src\\TipoProducto.o" "src\\clase 10-3.o" 
20:02:01 **** Incremental Build of configuration Debug for project clase 10-3 ****
Info: Internal Builder is used for build
gcc -O0 -g3 -Wall -c -fmessage-length=0 -o "src\\Producto.o" "..\\src\\Producto.c" 
..\src\Producto.c: In function 'mostrarTipoMasBarato':
..\src\Producto.c:380:16: warning: implicit declaration of function 'buscarPrecioMenorDeUnTipo' [-Wimplicit-function-declaration]
  precioMenor = buscarPrecioMenorDeUnTipo(unProducto, tam, tipo);
                ^~~~~~~~~~~~~~~~~~~~~~~~~
..\src\Producto.c: At top level:
..\src\Producto.c:388:7: error: conflicting types for 'buscarPrecioMenorDeUnTipo'
 float buscarPrecioMenorDeUnTipo(eProducto unProducto[], int tam, int tipo)
       ^~~~~~~~~~~~~~~~~~~~~~~~~
..\src\Producto.c:380:16: note: previous implicit declaration of 'buscarPrecioMenorDeUnTipo' was here
  precioMenor = buscarPrecioMenorDeUnTipo(unProducto, tam, tipo);
                ^~~~~~~~~~~~~~~~~~~~~~~~~
20:02:19 **** Incremental Build of configuration Debug for project clase 10-3 ****
Info: Internal Builder is used for build
gcc -O0 -g3 -Wall -c -fmessage-length=0 -o "src\\Producto.o" "..\\src\\Producto.c" 
..\src\Producto.c: In function 'mostrarTipoMasBarato':
..\src\Producto.c:380:16: warning: implicit declaration of function 'buscarPrecioMenorDeUnTipo' [-Wimplicit-function-declaration]
  precioMenor = buscarPrecioMenorDeUnTipo(unProducto, tam, tipo)
                ^~~~~~~~~~~~~~~~~~~~~~~~~
..\src\Producto.c:382:2: error: expected ';' before 'retorno'
  retorno = mostrarUnProductoPorPrecio(unProducto, tam, unTipo, tamTip, precioMenor, nacionalidad);
  ^~~~~~~
..\src\Producto.c: At top level:
..\src\Producto.c:388:7: error: conflicting types for 'buscarPrecioMenorDeUnTipo'
 float buscarPrecioMenorDeUnTipo(eProducto unProducto[], int tam, int tipo)
       ^~~~~~~~~~~~~~~~~~~~~~~~~
..\src\Producto.c:380:16: note: previous implicit declaration of 'buscarPrecioMenorDeUnTipo' was here
  precioMenor = buscarPrecioMenorDeUnTipo(unProducto, tam, tipo)
                ^~~~~~~~~~~~~~~~~~~~~~~~~
20:02:25 **** Incremental Build of configuration Debug for project clase 10-3 ****
Info: Internal Builder is used for build
gcc -O0 -g3 -Wall -c -fmessage-length=0 -o "src\\clase 10-3.o" "..\\src\\clase 10-3.c" 
..\src\clase 10-3.c: In function 'main':
..\src\clase 10-3.c:140:13: warning: implicit declaration of function 'mostrarProductoConPrecioDeterminado' [-Wimplicit-function-declaration]
    estado = mostrarProductoConPrecioDeterminado(listaProducto, TAM, listaTipo, TAM_TIPO, cadena, 700);
             ^~~~~~~~~~~~~~~~~~~~~~~~~~~~~~~~~~~
gcc -O0 -g3 -Wall -c -fmessage-length=0 -o "src\\Producto.o" "..\\src\\Producto.c" 
..\src\Producto.c: In function 'mostrarTipoMasBarato':
..\src\Producto.c:380:16: warning: implicit declaration of function 'buscarPrecioMenorDeUnTipo' [-Wimplicit-function-declaration]
  precioMenor = buscarPrecioMenorDeUnTipo(unProducto, tam, tipo);
                ^~~~~~~~~~~~~~~~~~~~~~~~~
..\src\Producto.c: At top level:
..\src\Producto.c:388:7: error: conflicting types for 'buscarPrecioMenorDeUnTipo'
 float buscarPrecioMenorDeUnTipo(eProducto unProducto[], int tam, int tipo)
       ^~~~~~~~~~~~~~~~~~~~~~~~~
..\src\Producto.c:380:16: note: previous implicit declaration of 'buscarPrecioMenorDeUnTipo' was here
  precioMenor = buscarPrecioMenorDeUnTipo(unProducto, tam, tipo);
                ^~~~~~~~~~~~~~~~~~~~~~~~~
20:02:50 **** Incremental Build of configuration Debug for project clase 10-3 ****
Info: Internal Builder is used for build
gcc -O0 -g3 -Wall -c -fmessage-length=0 -o "src\\Producto.o" "..\\src\\Producto.c" 
gcc -O0 -g3 -Wall -c -fmessage-length=0 -o "src\\clase 10-3.o" "..\\src\\clase 10-3.c" 
..\src\clase 10-3.c: In function 'main':
..\src\clase 10-3.c:140:13: warning: implicit declaration of function 'mostrarProductoConPrecioDeterminado' [-Wimplicit-function-declaration]
    estado = mostrarProductoConPrecioDeterminado(listaProducto, TAM, listaTipo, TAM_TIPO, cadena, 700);
             ^~~~~~~~~~~~~~~~~~~~~~~~~~~~~~~~~~~
gcc -o "clase 10-3.exe" "src\\IngresarDatos.o" "src\\OtrasFunciones.o" "src\\Producto.o" "src\\TipoProducto.o" "src\\clase 10-3.o" 
src\clase 10-3.o: In function `main':
C:\Users\juan\eclipse-workspace\clase 10-3\Debug/../src/clase 10-3.c:140: undefined reference to `mostrarProductoConPrecioDeterminado'
collect2.exe: error: ld returned 1 exit status
20:03:03 **** Incremental Build of configuration Debug for project clase 10-3 ****
Info: Internal Builder is used for build
gcc -O0 -g3 -Wall -c -fmessage-length=0 -o "src\\Producto.o" "..\\src\\Producto.c" 
..\src\Producto.c: In function 'buscarPrecioMenorDeUnTipo':
..\src\Producto.c:6:1: error: expected '=', ',', ';', 'asm' or '__attribute__' before '{' token
 {
 ^
..\src\Producto.c:59:1: error: expected '=', ',', ';', 'asm' or '__attribute__' before '{' token
 {
 ^
..\src\Producto.c:69:1: error: expected '=', ',', ';', 'asm' or '__attribute__' before '{' token
 {
 ^
..\src\Producto.c:107:1: error: expected '=', ',', ';', 'asm' or '__attribute__' before '{' token
 {
 ^
..\src\Producto.c:120:1: error: expected '=', ',', ';', 'asm' or '__attribute__' before '{' token
 {
 ^
..\src\Producto.c:141:1: error: expected '=', ',', ';', 'asm' or '__attribute__' before '{' token
 {
 ^
..\src\Producto.c:161:1: error: expected '=', ',', ';', 'asm' or '__attribute__' before '{' token
 {
 ^
..\src\Producto.c:173:1: error: expected '=', ',', ';', 'asm' or '__attribute__' before '{' token
 {
 ^
..\src\Producto.c:198:1: error: expected '=', ',', ';', 'asm' or '__attribute__' before '{' token
 {
 ^
..\src\Producto.c:222:1: error: expected '=', ',', ';', 'asm' or '__attribute__' before '{' token
 {
 ^
..\src\Producto.c:246:1: error: expected '=', ',', ';', 'asm' or '__attribute__' before '{' token
 {
 ^
..\src\Producto.c:260:1: error: expected '=', ',', ';', 'asm' or '__attribute__' before '{' token
 {
 ^
..\src\Producto.c:284:1: error: expected '=', ',', ';', 'asm' or '__attribute__' before '{' token
 {
 ^
..\src\Producto.c:295:1: error: expected '=', ',', ';', 'asm' or '__attribute__' before '{' token
 {
 ^
..\src\Producto.c:325:1: error: expected '=', ',', ';', 'asm' or '__attribute__' before '{' token
 {
 ^
..\src\Producto.c:375:1: error: expected '=', ',', ';', 'asm' or '__attribute__' before '{' token
 {
 ^
..\src\Producto.c:389:1: error: expected '=', ',', ';', 'asm' or '__attribute__' before '{' token
 {
 ^
..\src\Producto.c:410:1: error: expected '{' at end of input
 }
 ^
..\src\Producto.c:410:1: warning: control reaches end of non-void function [-Wreturn-type]
 }
 ^
20:03:11 **** Incremental Build of configuration Debug for project clase 10-3 ****
Info: Internal Builder is used for build
gcc -O0 -g3 -Wall -c -fmessage-length=0 -o "src\\Producto.o" "..\\src\\Producto.c" 
gcc -O0 -g3 -Wall -c -fmessage-length=0 -o "src\\clase 10-3.o" "..\\src\\clase 10-3.c" 
..\src\clase 10-3.c: In function 'main':
..\src\clase 10-3.c:140:13: warning: implicit declaration of function 'mostrarProductoConPrecioDeterminado' [-Wimplicit-function-declaration]
    estado = mostrarProductoConPrecioDeterminado(listaProducto, TAM, listaTipo, TAM_TIPO, cadena, 700);
             ^~~~~~~~~~~~~~~~~~~~~~~~~~~~~~~~~~~
gcc -o "clase 10-3.exe" "src\\IngresarDatos.o" "src\\OtrasFunciones.o" "src\\Producto.o" "src\\TipoProducto.o" "src\\clase 10-3.o" 
src\clase 10-3.o: In function `main':
C:\Users\juan\eclipse-workspace\clase 10-3\Debug/../src/clase 10-3.c:140: undefined reference to `mostrarProductoConPrecioDeterminado'
collect2.exe: error: ld returned 1 exit status
20:03:39 **** Incremental Build of configuration Debug for project clase 10-3 ****
Info: Internal Builder is used for build
gcc -O0 -g3 -Wall -c -fmessage-length=0 -o "src\\clase 10-3.o" "..\\src\\clase 10-3.c" 
..\src\clase 10-3.c: In function 'main':
..\src\clase 10-3.c:140:13: warning: implicit declaration of function 'mostrarProductoConPrecio' [-Wimplicit-function-declaration]
    estado = mostrarProductoConPrecio(listaProducto, TAM, listaTipo, TAM_TIPO, cadena, 700);
             ^~~~~~~~~~~~~~~~~~~~~~~~
gcc -o "clase 10-3.exe" "src\\IngresarDatos.o" "src\\OtrasFunciones.o" "src\\Producto.o" "src\\TipoProducto.o" "src\\clase 10-3.o" 
src\clase 10-3.o: In function `main':
C:\Users\juan\eclipse-workspace\clase 10-3\Debug/../src/clase 10-3.c:140: undefined reference to `mostrarProductoConPrecio'
collect2.exe: error: ld returned 1 exit status
20:04:24 **** Incremental Build of configuration Debug for project clase 10-3 ****
Info: Internal Builder is used for build
gcc -O0 -g3 -Wall -c -fmessage-length=0 -o "src\\Producto.o" "..\\src\\Producto.c" 
gcc -O0 -g3 -Wall -c -fmessage-length=0 -o "src\\clase 10-3.o" "..\\src\\clase 10-3.c" 
..\src\clase 10-3.c: In function 'main':
..\src\clase 10-3.c:140:13: warning: implicit declaration of function 'mostrarProductoConPrecio' [-Wimplicit-function-declaration]
    estado = mostrarProductoConPrecio(listaProducto, TAM, listaTipo, TAM_TIPO, cadena, 700);
             ^~~~~~~~~~~~~~~~~~~~~~~~
gcc -o "clase 10-3.exe" "src\\IngresarDatos.o" "src\\OtrasFunciones.o" "src\\Producto.o" "src\\TipoProducto.o" "src\\clase 10-3.o" 
src\clase 10-3.o: In function `main':
C:\Users\juan\eclipse-workspace\clase 10-3\Debug/../src/clase 10-3.c:140: undefined reference to `mostrarProductoConPrecio'
collect2.exe: error: ld returned 1 exit status
20:04:40 **** Incremental Build of configuration Debug for project clase 10-3 ****
Info: Internal Builder is used for build
gcc -O0 -g3 -Wall -c -fmessage-length=0 -o "src\\clase 10-3.o" "..\\src\\clase 10-3.c" 
..\src\clase 10-3.c: In function 'main':
..\src\clase 10-3.c:140:81: error: incompatible type for argument 5 of 'mostrarUnProductoPorPrecio'
    estado = mostrarUnProductoPorPrecio(listaProducto, TAM, listaTipo, TAM_TIPO, cadena, 700);
                                                                                 ^~~~~~
In file included from ..\src\clase 10-3.c:61:0:
..\src\Producto.h:147:5: note: expected 'float' but argument is of type 'char *'
 int mostrarUnProductoPorPrecio(eProducto unProducto[], int tam, eTipoProducto unTipo[], int tamTip, float precio, char nacionalidad[]);
     ^~~~~~~~~~~~~~~~~~~~~~~~~~
..\src\clase 10-3.c:140:89: warning: passing argument 6 of 'mostrarUnProductoPorPrecio' makes pointer from integer without a cast [-Wint-conversion]
    estado = mostrarUnProductoPorPrecio(listaProducto, TAM, listaTipo, TAM_TIPO, cadena, 700);
                                                                                         ^~~
In file included from ..\src\clase 10-3.c:61:0:
..\src\Producto.h:147:5: note: expected 'char *' but argument is of type 'int'
 int mostrarUnProductoPorPrecio(eProducto unProducto[], int tam, eTipoProducto unTipo[], int tamTip, float precio, char nacionalidad[]);
     ^~~~~~~~~~~~~~~~~~~~~~~~~~
20:05:55 **** Incremental Build of configuration Debug for project clase 10-3 ****
Info: Internal Builder is used for build
gcc -O0 -g3 -Wall -c -fmessage-length=0 -o "src\\clase 10-3.o" "..\\src\\clase 10-3.c" 
..\src\clase 10-3.c: In function 'main':
..\src\clase 10-3.c:140:54: error: expected expression before ']' token
    estado = mostrarUnProductoPorPrecio(listaProducto[], TAM, listaTipo, TAM_TIPO, 700, cadena);
                                                      ^
20:06:05 **** Incremental Build of configuration Debug for project clase 10-3 ****
Info: Internal Builder is used for build
gcc -O0 -g3 -Wall -c -fmessage-length=0 -o "src\\clase 10-3.o" "..\\src\\clase 10-3.c" 
gcc -o "clase 10-3.exe" "src\\IngresarDatos.o" "src\\OtrasFunciones.o" "src\\Producto.o" "src\\TipoProducto.o" "src\\clase 10-3.o" 
Info: Nothing to build for clase 10-3
20:08:38 **** Incremental Build of configuration Debug for project clase 10-3 ****
Info: Internal Builder is used for build
gcc -O0 -g3 -Wall -c -fmessage-length=0 -o "src\\clase 10-3.o" "..\\src\\clase 10-3.c" 
gcc -o "clase 10-3.exe" "src\\IngresarDatos.o" "src\\OtrasFunciones.o" "src\\Producto.o" "src\\TipoProducto.o" "src\\clase 10-3.o" 
Info: Nothing to build for clase 10-3
20:15:38 **** Incremental Build of configuration Debug for project clase 10-3 ****
Info: Internal Builder is used for build
gcc -O0 -g3 -Wall -c -fmessage-length=0 -o "src\\Producto.o" "..\\src\\Producto.c" 
In file included from ..\src\Producto.c:3:0:
..\src\Producto.h:161:136: error: conflicting types for 'nacionalidad'
 int mostrarProductosDeNaciolidadEnCuenta(eProducto unProducto[], int tam, eTipoProducto unTipo[], int tamTip, char nacionalidad[], int nacionalidad);
                                                                                                                                        ^~~~~~~~~~~~
..\src\Producto.h:161:116: note: previous definition of 'nacionalidad' was here
 int mostrarProductosDeNaciolidadEnCuenta(eProducto unProducto[], int tam, eTipoProducto unTipo[], int tamTip, char nacionalidad[], int nacionalidad);
                                                                                                                    ^~~~~~~~~~~~
..\src\Producto.c:412:136: error: conflicting types for 'nacionalidad'
 int mostrarProductosDeNaciolidadEnCuenta(eProducto unProducto[], int tam, eTipoProducto unTipo[], int tamTip, char nacionalidad[], int nacionalidad);
                                                                                                                                        ^~~~~~~~~~~~
..\src\Producto.c:412:116: note: previous definition of 'nacionalidad' was here
 int mostrarProductosDeNaciolidadEnCuenta(eProducto unProducto[], int tam, eTipoProducto unTipo[], int tamTip, char nacionalidad[], int nacionalidad);
                                                                                                                    ^~~~~~~~~~~~
..\src\Producto.c:413:1: error: expected identifier or '(' before '{' token
 {
 ^
20:16:05 **** Incremental Build of configuration Debug for project clase 10-3 ****
Info: Internal Builder is used for build
gcc -O0 -g3 -Wall -c -fmessage-length=0 -o "src\\clase 10-3.o" "..\\src\\clase 10-3.c" 
In file included from ..\src\clase 10-3.c:61:0:
..\src\Producto.h:161:136: error: conflicting types for 'nacionalidad'
 int mostrarProductosDeNaciolidadEnCuenta(eProducto unProducto[], int tam, eTipoProducto unTipo[], int tamTip, char nacionalidad[], int nacionalidad);
                                                                                                                                        ^~~~~~~~~~~~
..\src\Producto.h:161:116: note: previous definition of 'nacionalidad' was here
 int mostrarProductosDeNaciolidadEnCuenta(eProducto unProducto[], int tam, eTipoProducto unTipo[], int tamTip, char nacionalidad[], int nacionalidad);
                                                                                                                    ^~~~~~~~~~~~
20:16:23 **** Incremental Build of configuration Debug for project clase 10-3 ****
Info: Internal Builder is used for build
gcc -O0 -g3 -Wall -c -fmessage-length=0 -o "src\\Producto.o" "..\\src\\Producto.c" 
..\src\Producto.c:413:1: error: expected identifier or '(' before '{' token
 {
 ^
20:16:39 **** Incremental Build of configuration Debug for project clase 10-3 ****
Info: Internal Builder is used for build
gcc -O0 -g3 -Wall -c -fmessage-length=0 -o "src\\Producto.o" "..\\src\\Producto.c" 
..\src\Producto.c: In function 'mostrarProductosDeNaciolidadEnCuenta':
..\src\Producto.c:426:19: error: expected expression before ')' token
     if(j != -1 && )
                   ^
20:17:01 **** Incremental Build of configuration Debug for project clase 10-3 ****
Info: Internal Builder is used for build
gcc -O0 -g3 -Wall -c -fmessage-length=0 -o "src\\clase 10-3.o" "..\\src\\clase 10-3.c" 
gcc -O0 -g3 -Wall -c -fmessage-length=0 -o "src\\Producto.o" "..\\src\\Producto.c" 
gcc -o "clase 10-3.exe" "src\\IngresarDatos.o" "src\\OtrasFunciones.o" "src\\Producto.o" "src\\TipoProducto.o" "src\\clase 10-3.o" 
20:18:27 **** Incremental Build of configuration Debug for project clase 10-3 ****
Info: Internal Builder is used for build
gcc -O0 -g3 -Wall -c -fmessage-length=0 -o "src\\clase 10-3.o" "..\\src\\clase 10-3.c" 
gcc -O0 -g3 -Wall -c -fmessage-length=0 -o "src\\Producto.o" "..\\src\\Producto.c" 
gcc -o "clase 10-3.exe" "src\\IngresarDatos.o" "src\\OtrasFunciones.o" "src\\Producto.o" "src\\TipoProducto.o" "src\\clase 10-3.o" 
Info: Nothing to build for clase 10-3
20:25:03 **** Incremental Build of configuration Debug for project clase 10-3 ****
Info: Internal Builder is used for build
gcc -O0 -g3 -Wall -c -fmessage-length=0 -o "src\\Producto.o" "..\\src\\Producto.c" 
..\src\Producto.c: In function 'mostrarProductoDeTipoMayorDePrecio':
..\src\Producto.c:447:6: error: redeclaration of 'retorno' with no linkage
  int retorno;
      ^~~~~~~
..\src\Producto.c:441:6: note: previous declaration of 'retorno' was here
  int retorno;
      ^~~~~~~
20:25:16 **** Incremental Build of configuration Debug for project clase 10-3 ****
Info: Internal Builder is used for build
gcc -O0 -g3 -Wall -c -fmessage-length=0 -o "src\\clase 10-3.o" "..\\src\\clase 10-3.c" 
gcc -O0 -g3 -Wall -c -fmessage-length=0 -o "src\\Producto.o" "..\\src\\Producto.c" 
gcc -o "clase 10-3.exe" "src\\IngresarDatos.o" "src\\OtrasFunciones.o" "src\\Producto.o" "src\\TipoProducto.o" "src\\clase 10-3.o" 
20:27:47 **** Incremental Build of configuration Debug for project clase 10-3 ****
Info: Internal Builder is used for build
gcc -O0 -g3 -Wall -c -fmessage-length=0 -o "src\\Producto.o" "..\\src\\Producto.c" 
gcc -O0 -g3 -Wall -c -fmessage-length=0 -o "src\\clase 10-3.o" "..\\src\\clase 10-3.c" 
gcc -o "clase 10-3.exe" "src\\IngresarDatos.o" "src\\OtrasFunciones.o" "src\\Producto.o" "src\\TipoProducto.o" "src\\clase 10-3.o" 
Info: Nothing to build for clase 10-3
20:28:17 **** Incremental Build of configuration Debug for project clase 10-3 ****
Info: Internal Builder is used for build
gcc -O0 -g3 -Wall -c -fmessage-length=0 -o "src\\clase 10-3.o" "..\\src\\clase 10-3.c" 
gcc -o "clase 10-3.exe" "src\\IngresarDatos.o" "src\\OtrasFunciones.o" "src\\Producto.o" "src\\TipoProducto.o" "src\\clase 10-3.o" 
20:28:32 **** Incremental Build of configuration Debug for project clase 10-3 ****
Info: Internal Builder is used for build
gcc -O0 -g3 -Wall -c -fmessage-length=0 -o "src\\clase 10-3.o" "..\\src\\clase 10-3.c" 
gcc -o "clase 10-3.exe" "src\\IngresarDatos.o" "src\\OtrasFunciones.o" "src\\Producto.o" "src\\TipoProducto.o" "src\\clase 10-3.o" 
21:05:01 **** Incremental Build of configuration Debug for project clase 10-3 ****
Info: Internal Builder is used for build
gcc -O0 -g3 -Wall -c -fmessage-length=0 -o "src\\clase 10-3.o" "..\\src\\clase 10-3.c" 
gcc -O0 -g3 -Wall -c -fmessage-length=0 -o "src\\Producto.o" "..\\src\\Producto.c" 
gcc -o "clase 10-3.exe" "src\\IngresarDatos.o" "src\\OtrasFunciones.o" "src\\Producto.o" "src\\TipoProducto.o" "src\\clase 10-3.o" 
21:13:30 **** Incremental Build of configuration Debug for project clase 10-3 ****
Info: Internal Builder is used for build
gcc -O0 -g3 -Wall -c -fmessage-length=0 -o "src\\clase 10-3.o" "..\\src\\clase 10-3.c" 
gcc -o "clase 10-3.exe" "src\\IngresarDatos.o" "src\\OtrasFunciones.o" "src\\Producto.o" "src\\TipoProducto.o" "src\\clase 10-3.o" 
Info: Nothing to build for clase 10-3
21:14:00 **** Incremental Build of configuration Debug for project clase 10-3 ****
Info: Internal Builder is used for build
gcc -O0 -g3 -Wall -c -fmessage-length=0 -o "src\\clase 10-3.o" "..\\src\\clase 10-3.c" 
gcc -o "clase 10-3.exe" "src\\IngresarDatos.o" "src\\OtrasFunciones.o" "src\\Producto.o" "src\\TipoProducto.o" "src\\clase 10-3.o" 
21:15:09 **** Incremental Build of configuration Debug for project clase 10-3 ****
Info: Internal Builder is used for build
gcc -O0 -g3 -Wall -c -fmessage-length=0 -o "src\\clase 10-3.o" "..\\src\\clase 10-3.c" 
gcc -o "clase 10-3.exe" "src\\IngresarDatos.o" "src\\OtrasFunciones.o" "src\\Producto.o" "src\\TipoProducto.o" "src\\clase 10-3.o" 
21:44:06 **** Incremental Build of configuration Debug for project clase 10-3 ****
Info: Internal Builder is used for build
gcc -O0 -g3 -Wall -c -fmessage-length=0 -o "src\\clase 10-3.o" "..\\src\\clase 10-3.c" 
gcc -O0 -g3 -Wall -c -fmessage-length=0 -o "src\\Producto.o" "..\\src\\Producto.c" 
gcc -o "clase 10-3.exe" "src\\IngresarDatos.o" "src\\OtrasFunciones.o" "src\\Producto.o" "src\\TipoProducto.o" "src\\clase 10-3.o" 
21:45:18 **** Incremental Build of configuration Debug for project clase 10-3 ****
Info: Internal Builder is used for build
gcc -O0 -g3 -Wall -c -fmessage-length=0 -o "src\\clase 10-3.o" "..\\src\\clase 10-3.c" 
gcc -O0 -g3 -Wall -c -fmessage-length=0 -o "src\\Producto.o" "..\\src\\Producto.c" 
gcc -o "clase 10-3.exe" "src\\IngresarDatos.o" "src\\OtrasFunciones.o" "src\\Producto.o" "src\\TipoProducto.o" "src\\clase 10-3.o" 
Info: Nothing to build for clase 10-3
21:48:19 **** Incremental Build of configuration Debug for project clase 10-3 ****
Info: Internal Builder is used for build
gcc -O0 -g3 -Wall -c -fmessage-length=0 -o "src\\Producto.o" "..\\src\\Producto.c" 
gcc -o "clase 10-3.exe" "src\\IngresarDatos.o" "src\\OtrasFunciones.o" "src\\Producto.o" "src\\TipoProducto.o" "src\\clase 10-3.o" 
21:48:36 **** Incremental Build of configuration Debug for project clase 10-3 ****
Info: Internal Builder is used for build
gcc -O0 -g3 -Wall -c -fmessage-length=0 -o "src\\Producto.o" "..\\src\\Producto.c" 
gcc -o "clase 10-3.exe" "src\\IngresarDatos.o" "src\\OtrasFunciones.o" "src\\Producto.o" "src\\TipoProducto.o" "src\\clase 10-3.o" 
21:48:52 **** Incremental Build of configuration Debug for project clase 10-3 ****
Info: Internal Builder is used for build
gcc -O0 -g3 -Wall -c -fmessage-length=0 -o "src\\Producto.o" "..\\src\\Producto.c" 
gcc -o "clase 10-3.exe" "src\\IngresarDatos.o" "src\\OtrasFunciones.o" "src\\Producto.o" "src\\TipoProducto.o" "src\\clase 10-3.o" 
22:03:04 **** Incremental Build of configuration Debug for project clase 10-3 ****
Info: Internal Builder is used for build
gcc -O0 -g3 -Wall -c -fmessage-length=0 -o "src\\clase 10-3.o" "..\\src\\clase 10-3.c" 
gcc -O0 -g3 -Wall -c -fmessage-length=0 -o "src\\Producto.o" "..\\src\\Producto.c" 
gcc -o "clase 10-3.exe" "src\\IngresarDatos.o" "src\\OtrasFunciones.o" "src\\Producto.o" "src\\TipoProducto.o" "src\\clase 10-3.o" 
22:03:32 **** Incremental Build of configuration Debug for project clase 10-3 ****
Info: Internal Builder is used for build
gcc -O0 -g3 -Wall -c -fmessage-length=0 -o "src\\clase 10-3.o" "..\\src\\clase 10-3.c" 
gcc -o "clase 10-3.exe" "src\\IngresarDatos.o" "src\\OtrasFunciones.o" "src\\Producto.o" "src\\TipoProducto.o" "src\\clase 10-3.o" 
Info: Nothing to build for clase 10-3
22:04:42 **** Incremental Build of configuration Debug for project clase 10-3 ****
Info: Internal Builder is used for build
gcc -O0 -g3 -Wall -c -fmessage-length=0 -o "src\\Producto.o" "..\\src\\Producto.c" 
gcc -o "clase 10-3.exe" "src\\IngresarDatos.o" "src\\OtrasFunciones.o" "src\\Producto.o" "src\\TipoProducto.o" "src\\clase 10-3.o" 
22:06:28 **** Incremental Build of configuration Debug for project clase 10-3 ****
Info: Internal Builder is used for build
gcc -O0 -g3 -Wall -c -fmessage-length=0 -o "src\\Producto.o" "..\\src\\Producto.c" 
gcc -o "clase 10-3.exe" "src\\IngresarDatos.o" "src\\OtrasFunciones.o" "src\\Producto.o" "src\\TipoProducto.o" "src\\clase 10-3.o" 
22:07:11 **** Incremental Build of configuration Debug for project clase 10-3 ****
Info: Internal Builder is used for build
gcc -O0 -g3 -Wall -c -fmessage-length=0 -o "src\\Producto.o" "..\\src\\Producto.c" 
gcc -o "clase 10-3.exe" "src\\IngresarDatos.o" "src\\OtrasFunciones.o" "src\\Producto.o" "src\\TipoProducto.o" "src\\clase 10-3.o" 
